[INFO] Scanning for projects...
[INFO]                                                                         
[INFO] ------------------------------------------------------------------------
[INFO] Building petclinic 1.4.2
[INFO] ------------------------------------------------------------------------
[INFO] 
[INFO] --- git-commit-id-plugin:2.1.11:revision (default) @ petclinic ---
[info] dotGitDirectory /home/dsyer/dev/demo/workspace/startup/petclinic/../.git
[info] git.build.user.name Dave Syer
[info] git.build.user.email dsyer@pivotal.io
[info] git.branch master
[info] Tag refs [ [] ]
[info] Created map: [ {} ] 
[info] HEAD is [ 2cbb1b55aa98760ceb841d7c6371a86a8999266e ] 
[info] Repo is in dirty state [ true ]
[info] git.commit.id.describe 2cbb1b5
[info] git.commit.id 2cbb1b55aa98760ceb841d7c6371a86a8999266e
[info] git.commit.id.abbrev 2cbb1b5
[info] git.commit.user.name Dave Syer
[info] git.commit.user.email dsyer@pivotal.io
[info] git.commit.message.full Micro version labels replaced with 'x'

[info] git.commit.message.short Micro version labels replaced with 'x'
[info] git.commit.time 2017-01-31T15:42:40+0000
[info] git.remote.origin.url git@github.com:dsyer/spring-boot-startup-bench.git
[info] git.tags 
[info] git.build.time 2017-01-31T15:48:01+0000
[info] git.commit.id.describe-short 2cbb1b5
[info] found property git.tags
[info] found property git.commit.id.abbrev
[info] found property git.commit.user.email
[info] found property git.commit.message.full
[info] found property git.commit.id
[info] found property git.commit.id.describe-short
[info] found property git.commit.message.short
[info] found property git.commit.user.name
[info] found property git.build.user.name
[info] found property git.commit.id.describe
[info] found property git.build.user.email
[info] found property git.branch
[info] found property git.commit.time
[info] found property git.build.time
[info] found property git.remote.origin.url
[info] Writing properties file to [ /home/dsyer/dev/demo/workspace/startup/petclinic/target/classes/git.properties ] (for module  petclinic )...
[info] petclinic ] project petclinic
[INFO] 
[INFO] --- wro4j-maven-plugin:1.8.0:run (default) @ petclinic ---
[INFO] /home/dsyer/dev/demo/workspace/startup/petclinic/src/main/less
[INFO] Executing the mojo: 
[INFO] Wro4j Model path: /home/dsyer/dev/demo/workspace/startup/petclinic/src/main/wro/wro.xml
[INFO] targetGroups: null
[INFO] minimize: true
[INFO] ignoreMissingResources: null
[INFO] parallelProcessing: false
[INFO] buildDirectory: /home/dsyer/dev/demo/workspace/startup/petclinic/target
[INFO] destinationFolder: /home/dsyer/dev/demo/workspace/startup/petclinic/target
[INFO] cssDestinationFolder: /home/dsyer/dev/demo/workspace/startup/petclinic/target/classes/static/resources/css
[INFO] The following groups will be processed: [petclinic]
[INFO] folder: /home/dsyer/dev/demo/workspace/startup/petclinic/target/classes/static/resources/css
[INFO] processing group: petclinic.css
[WARNING] Less warnings are:
[WARNING] 10:1 Cannot link source map. Css result location is not know and could not be deduced from input less source..
[INFO] file size: petclinic.css -> 152399 bytes
[INFO] /home/dsyer/dev/demo/workspace/startup/petclinic/target/classes/static/resources/css/petclinic.css (152399 bytes)
[INFO] folder: /home/dsyer/dev/demo/workspace/startup/petclinic/target
[INFO] processing group: petclinic.js
[INFO] 
[INFO] --- spring-boot-maven-plugin:1.5.1.RELEASE:build-info (default) @ petclinic ---
[INFO] 
[INFO] --- maven-resources-plugin:2.6:resources (default-resources) @ petclinic ---
[INFO] Using 'UTF-8' encoding to copy filtered resources.
[INFO] Copying 1 resource
[INFO] Copying 35 resources
[INFO] 
[INFO] --- maven-compiler-plugin:3.1:compile (default-compile) @ petclinic ---
[INFO] Changes detected - recompiling the module!
[INFO] Compiling 25 source files to /home/dsyer/dev/demo/workspace/startup/petclinic/target/classes
[INFO] 
[INFO] --- maven-resources-plugin:2.6:testResources (default-testResources) @ petclinic ---
[INFO] Using 'UTF-8' encoding to copy filtered resources.
[INFO] skip non existing resourceDirectory /home/dsyer/dev/demo/workspace/startup/petclinic/src/test/resources
[INFO] 
[INFO] --- maven-compiler-plugin:3.1:testCompile (default-testCompile) @ petclinic ---
[INFO] Nothing to compile - all classes are up to date
[INFO] 
[INFO] --- maven-surefire-plugin:2.18.1:test (default-test) @ petclinic ---
[INFO] Surefire report directory: /home/dsyer/dev/demo/workspace/startup/petclinic/target/surefire-reports

-------------------------------------------------------
 T E S T S
-------------------------------------------------------
15:48:04.900 [main] DEBUG org.springframework.test.context.junit4.SpringJUnit4ClassRunner - SpringJUnit4ClassRunner constructor called with [class org.springframework.samples.petclinic.owner.VisitControllerTests]
15:48:04.904 [main] DEBUG org.springframework.test.context.BootstrapUtils - Instantiating CacheAwareContextLoaderDelegate from class [org.springframework.test.context.cache.DefaultCacheAwareContextLoaderDelegate]
15:48:04.907 [main] DEBUG org.springframework.test.context.BootstrapUtils - Instantiating BootstrapContext using constructor [public org.springframework.test.context.support.DefaultBootstrapContext(java.lang.Class,org.springframework.test.context.CacheAwareContextLoaderDelegate)]
15:48:04.917 [main] DEBUG org.springframework.test.context.BootstrapUtils - Instantiating TestContextBootstrapper for test class [org.springframework.samples.petclinic.owner.VisitControllerTests] from class [org.springframework.boot.test.autoconfigure.web.servlet.WebMvcTestContextBootstrapper]
15:48:04.929 [main] INFO org.springframework.boot.test.autoconfigure.web.servlet.WebMvcTestContextBootstrapper - Neither @ContextConfiguration nor @ContextHierarchy found for test class [org.springframework.samples.petclinic.owner.VisitControllerTests], using SpringBootContextLoader
15:48:04.931 [main] DEBUG org.springframework.test.context.support.AbstractContextLoader - Did not detect default resource location for test class [org.springframework.samples.petclinic.owner.VisitControllerTests]: class path resource [org/springframework/samples/petclinic/owner/VisitControllerTests-context.xml] does not exist
15:48:04.931 [main] DEBUG org.springframework.test.context.support.AbstractContextLoader - Did not detect default resource location for test class [org.springframework.samples.petclinic.owner.VisitControllerTests]: class path resource [org/springframework/samples/petclinic/owner/VisitControllerTestsContext.groovy] does not exist
15:48:04.932 [main] INFO org.springframework.test.context.support.AbstractContextLoader - Could not detect default resource locations for test class [org.springframework.samples.petclinic.owner.VisitControllerTests]: no resource found for suffixes {-context.xml, Context.groovy}.
15:48:04.932 [main] INFO org.springframework.test.context.support.AnnotationConfigContextLoaderUtils - Could not detect default configuration classes for test class [org.springframework.samples.petclinic.owner.VisitControllerTests]: VisitControllerTests does not declare any static, non-private, non-final, nested classes annotated with @Configuration.
15:48:04.962 [main] DEBUG org.springframework.test.context.support.ActiveProfilesUtils - Could not find an 'annotation declaring class' for annotation type [org.springframework.test.context.ActiveProfiles] and class [org.springframework.samples.petclinic.owner.VisitControllerTests]
15:48:04.983 [main] DEBUG org.springframework.core.env.StandardEnvironment - Adding [systemProperties] PropertySource with lowest search precedence
15:48:04.984 [main] DEBUG org.springframework.core.env.StandardEnvironment - Adding [systemEnvironment] PropertySource with lowest search precedence
15:48:04.985 [main] DEBUG org.springframework.core.env.StandardEnvironment - Initialized StandardEnvironment with PropertySources [systemProperties,systemEnvironment]
15:48:04.990 [main] DEBUG org.springframework.core.io.support.PathMatchingResourcePatternResolver - Resolved classpath location [org/springframework/samples/petclinic/owner/] to resources [URL [file:/home/dsyer/dev/demo/workspace/startup/petclinic/target/test-classes/org/springframework/samples/petclinic/owner/], URL [file:/home/dsyer/dev/demo/workspace/startup/petclinic/target/classes/org/springframework/samples/petclinic/owner/]]
15:48:04.990 [main] DEBUG org.springframework.core.io.support.PathMatchingResourcePatternResolver - Looking for matching resources in directory tree [/home/dsyer/dev/demo/workspace/startup/petclinic/target/test-classes/org/springframework/samples/petclinic/owner]
15:48:04.990 [main] DEBUG org.springframework.core.io.support.PathMatchingResourcePatternResolver - Searching directory [/home/dsyer/dev/demo/workspace/startup/petclinic/target/test-classes/org/springframework/samples/petclinic/owner] for files matching pattern [/home/dsyer/dev/demo/workspace/startup/petclinic/target/test-classes/org/springframework/samples/petclinic/owner/*.class]
15:48:04.992 [main] DEBUG org.springframework.core.io.support.PathMatchingResourcePatternResolver - Looking for matching resources in directory tree [/home/dsyer/dev/demo/workspace/startup/petclinic/target/classes/org/springframework/samples/petclinic/owner]
15:48:04.993 [main] DEBUG org.springframework.core.io.support.PathMatchingResourcePatternResolver - Searching directory [/home/dsyer/dev/demo/workspace/startup/petclinic/target/classes/org/springframework/samples/petclinic/owner] for files matching pattern [/home/dsyer/dev/demo/workspace/startup/petclinic/target/classes/org/springframework/samples/petclinic/owner/*.class]
15:48:04.994 [main] DEBUG org.springframework.core.io.support.PathMatchingResourcePatternResolver - Resolved location pattern [classpath*:org/springframework/samples/petclinic/owner/*.class] to resources [file [/home/dsyer/dev/demo/workspace/startup/petclinic/target/test-classes/org/springframework/samples/petclinic/owner/OwnerControllerTests.class], file [/home/dsyer/dev/demo/workspace/startup/petclinic/target/test-classes/org/springframework/samples/petclinic/owner/PetControllerTests.class], file [/home/dsyer/dev/demo/workspace/startup/petclinic/target/test-classes/org/springframework/samples/petclinic/owner/PetTypeFormatterTests$1.class], file [/home/dsyer/dev/demo/workspace/startup/petclinic/target/test-classes/org/springframework/samples/petclinic/owner/PetTypeFormatterTests$2.class], file [/home/dsyer/dev/demo/workspace/startup/petclinic/target/test-classes/org/springframework/samples/petclinic/owner/PetTypeFormatterTests.class], file [/home/dsyer/dev/demo/workspace/startup/petclinic/target/test-classes/org/springframework/samples/petclinic/owner/VisitControllerTests.class], file [/home/dsyer/dev/demo/workspace/startup/petclinic/target/classes/org/springframework/samples/petclinic/owner/Owner.class], file [/home/dsyer/dev/demo/workspace/startup/petclinic/target/classes/org/springframework/samples/petclinic/owner/OwnerController.class], file [/home/dsyer/dev/demo/workspace/startup/petclinic/target/classes/org/springframework/samples/petclinic/owner/OwnerRepository.class], file [/home/dsyer/dev/demo/workspace/startup/petclinic/target/classes/org/springframework/samples/petclinic/owner/Pet.class], file [/home/dsyer/dev/demo/workspace/startup/petclinic/target/classes/org/springframework/samples/petclinic/owner/PetController.class], file [/home/dsyer/dev/demo/workspace/startup/petclinic/target/classes/org/springframework/samples/petclinic/owner/PetRepository.class], file [/home/dsyer/dev/demo/workspace/startup/petclinic/target/classes/org/springframework/samples/petclinic/owner/PetType.class], file [/home/dsyer/dev/demo/workspace/startup/petclinic/target/classes/org/springframework/samples/petclinic/owner/PetTypeFormatter.class], file [/home/dsyer/dev/demo/workspace/startup/petclinic/target/classes/org/springframework/samples/petclinic/owner/PetValidator.class], file [/home/dsyer/dev/demo/workspace/startup/petclinic/target/classes/org/springframework/samples/petclinic/owner/VisitController.class]]
15:48:05.017 [main] DEBUG org.springframework.core.io.support.PathMatchingResourcePatternResolver - Resolved classpath location [org/springframework/samples/petclinic/] to resources [URL [file:/home/dsyer/dev/demo/workspace/startup/petclinic/target/test-classes/org/springframework/samples/petclinic/], URL [file:/home/dsyer/dev/demo/workspace/startup/petclinic/target/classes/org/springframework/samples/petclinic/]]
15:48:05.017 [main] DEBUG org.springframework.core.io.support.PathMatchingResourcePatternResolver - Looking for matching resources in directory tree [/home/dsyer/dev/demo/workspace/startup/petclinic/target/test-classes/org/springframework/samples/petclinic]
15:48:05.017 [main] DEBUG org.springframework.core.io.support.PathMatchingResourcePatternResolver - Searching directory [/home/dsyer/dev/demo/workspace/startup/petclinic/target/test-classes/org/springframework/samples/petclinic] for files matching pattern [/home/dsyer/dev/demo/workspace/startup/petclinic/target/test-classes/org/springframework/samples/petclinic/*.class]
15:48:05.018 [main] DEBUG org.springframework.core.io.support.PathMatchingResourcePatternResolver - Looking for matching resources in directory tree [/home/dsyer/dev/demo/workspace/startup/petclinic/target/classes/org/springframework/samples/petclinic]
15:48:05.018 [main] DEBUG org.springframework.core.io.support.PathMatchingResourcePatternResolver - Searching directory [/home/dsyer/dev/demo/workspace/startup/petclinic/target/classes/org/springframework/samples/petclinic] for files matching pattern [/home/dsyer/dev/demo/workspace/startup/petclinic/target/classes/org/springframework/samples/petclinic/*.class]
15:48:05.018 [main] DEBUG org.springframework.core.io.support.PathMatchingResourcePatternResolver - Resolved location pattern [classpath*:org/springframework/samples/petclinic/*.class] to resources [file [/home/dsyer/dev/demo/workspace/startup/petclinic/target/classes/org/springframework/samples/petclinic/PetClinicApplication.class]]
15:48:05.029 [main] DEBUG org.springframework.context.annotation.ClassPathScanningCandidateComponentProvider - Identified candidate component class: file [/home/dsyer/dev/demo/workspace/startup/petclinic/target/classes/org/springframework/samples/petclinic/PetClinicApplication.class]
15:48:05.029 [main] INFO org.springframework.boot.test.context.SpringBootTestContextBootstrapper - Found @SpringBootConfiguration org.springframework.samples.petclinic.PetClinicApplication for test class org.springframework.samples.petclinic.owner.VisitControllerTests
15:48:05.032 [main] DEBUG org.springframework.boot.test.autoconfigure.web.servlet.WebMvcTestContextBootstrapper - @TestExecutionListeners is not present for class [org.springframework.samples.petclinic.owner.VisitControllerTests]: using defaults.
15:48:05.034 [main] INFO org.springframework.boot.test.autoconfigure.web.servlet.WebMvcTestContextBootstrapper - Loaded default TestExecutionListener class names from location [META-INF/spring.factories]: [org.springframework.boot.test.mock.mockito.MockitoTestExecutionListener, org.springframework.boot.test.mock.mockito.ResetMocksTestExecutionListener, org.springframework.boot.test.autoconfigure.restdocs.RestDocsTestExecutionListener, org.springframework.boot.test.autoconfigure.web.client.MockRestServiceServerResetTestExecutionListener, org.springframework.boot.test.autoconfigure.web.servlet.MockMvcPrintOnlyOnFailureTestExecutionListener, org.springframework.boot.test.autoconfigure.web.servlet.WebDriverTestExecutionListener, org.springframework.test.context.web.ServletTestExecutionListener, org.springframework.test.context.support.DirtiesContextBeforeModesTestExecutionListener, org.springframework.test.context.support.DependencyInjectionTestExecutionListener, org.springframework.test.context.support.DirtiesContextTestExecutionListener, org.springframework.test.context.transaction.TransactionalTestExecutionListener, org.springframework.test.context.jdbc.SqlScriptsTestExecutionListener]
15:48:05.045 [main] INFO org.springframework.boot.test.autoconfigure.web.servlet.WebMvcTestContextBootstrapper - Using TestExecutionListeners: [org.springframework.test.context.web.ServletTestExecutionListener@243c4f91, org.springframework.test.context.support.DirtiesContextBeforeModesTestExecutionListener@291ae, org.springframework.boot.test.autoconfigure.SpringBootDependencyInjectionTestExecutionListener@61df66b6, org.springframework.test.context.support.DirtiesContextTestExecutionListener@50eac852, org.springframework.test.context.transaction.TransactionalTestExecutionListener@16ec5519, org.springframework.test.context.jdbc.SqlScriptsTestExecutionListener@2f7298b, org.springframework.boot.test.autoconfigure.web.servlet.MockMvcPrintOnlyOnFailureTestExecutionListener@188715b5, org.springframework.boot.test.mock.mockito.ResetMocksTestExecutionListener@1ea9f6af, org.springframework.boot.test.mock.mockito.MockitoTestExecutionListener@6a192cfe, org.springframework.boot.test.autoconfigure.restdocs.RestDocsTestExecutionListener@5119fb47, org.springframework.boot.test.autoconfigure.web.servlet.WebDriverTestExecutionListener@7193666c, org.springframework.boot.test.autoconfigure.web.client.MockRestServiceServerResetTestExecutionListener@20deea7f]
15:48:05.049 [main] DEBUG org.springframework.test.context.junit4.SpringJUnit4ClassRunner - SpringJUnit4ClassRunner constructor called with [class org.springframework.samples.petclinic.owner.PetControllerTests]
15:48:05.049 [main] DEBUG org.springframework.test.context.BootstrapUtils - Instantiating CacheAwareContextLoaderDelegate from class [org.springframework.test.context.cache.DefaultCacheAwareContextLoaderDelegate]
15:48:05.049 [main] DEBUG org.springframework.test.context.BootstrapUtils - Instantiating BootstrapContext using constructor [public org.springframework.test.context.support.DefaultBootstrapContext(java.lang.Class,org.springframework.test.context.CacheAwareContextLoaderDelegate)]
15:48:05.050 [main] DEBUG org.springframework.test.context.BootstrapUtils - Instantiating TestContextBootstrapper for test class [org.springframework.samples.petclinic.owner.PetControllerTests] from class [org.springframework.boot.test.autoconfigure.web.servlet.WebMvcTestContextBootstrapper]
15:48:05.050 [main] INFO org.springframework.boot.test.autoconfigure.web.servlet.WebMvcTestContextBootstrapper - Neither @ContextConfiguration nor @ContextHierarchy found for test class [org.springframework.samples.petclinic.owner.PetControllerTests], using SpringBootContextLoader
15:48:05.051 [main] DEBUG org.springframework.test.context.support.AbstractContextLoader - Did not detect default resource location for test class [org.springframework.samples.petclinic.owner.PetControllerTests]: class path resource [org/springframework/samples/petclinic/owner/PetControllerTests-context.xml] does not exist
15:48:05.051 [main] DEBUG org.springframework.test.context.support.AbstractContextLoader - Did not detect default resource location for test class [org.springframework.samples.petclinic.owner.PetControllerTests]: class path resource [org/springframework/samples/petclinic/owner/PetControllerTestsContext.groovy] does not exist
15:48:05.051 [main] INFO org.springframework.test.context.support.AbstractContextLoader - Could not detect default resource locations for test class [org.springframework.samples.petclinic.owner.PetControllerTests]: no resource found for suffixes {-context.xml, Context.groovy}.
15:48:05.052 [main] INFO org.springframework.test.context.support.AnnotationConfigContextLoaderUtils - Could not detect default configuration classes for test class [org.springframework.samples.petclinic.owner.PetControllerTests]: PetControllerTests does not declare any static, non-private, non-final, nested classes annotated with @Configuration.
15:48:05.058 [main] DEBUG org.springframework.test.context.support.ActiveProfilesUtils - Could not find an 'annotation declaring class' for annotation type [org.springframework.test.context.ActiveProfiles] and class [org.springframework.samples.petclinic.owner.PetControllerTests]
15:48:05.058 [main] DEBUG org.springframework.core.env.StandardEnvironment - Adding [systemProperties] PropertySource with lowest search precedence
15:48:05.058 [main] DEBUG org.springframework.core.env.StandardEnvironment - Adding [systemEnvironment] PropertySource with lowest search precedence
15:48:05.059 [main] DEBUG org.springframework.core.env.StandardEnvironment - Initialized StandardEnvironment with PropertySources [systemProperties,systemEnvironment]
15:48:05.059 [main] INFO org.springframework.boot.test.context.SpringBootTestContextBootstrapper - Found @SpringBootConfiguration org.springframework.samples.petclinic.PetClinicApplication for test class org.springframework.samples.petclinic.owner.PetControllerTests
15:48:05.060 [main] DEBUG org.springframework.boot.test.autoconfigure.web.servlet.WebMvcTestContextBootstrapper - @TestExecutionListeners is not present for class [org.springframework.samples.petclinic.owner.PetControllerTests]: using defaults.
15:48:05.062 [main] INFO org.springframework.boot.test.autoconfigure.web.servlet.WebMvcTestContextBootstrapper - Loaded default TestExecutionListener class names from location [META-INF/spring.factories]: [org.springframework.boot.test.mock.mockito.MockitoTestExecutionListener, org.springframework.boot.test.mock.mockito.ResetMocksTestExecutionListener, org.springframework.boot.test.autoconfigure.restdocs.RestDocsTestExecutionListener, org.springframework.boot.test.autoconfigure.web.client.MockRestServiceServerResetTestExecutionListener, org.springframework.boot.test.autoconfigure.web.servlet.MockMvcPrintOnlyOnFailureTestExecutionListener, org.springframework.boot.test.autoconfigure.web.servlet.WebDriverTestExecutionListener, org.springframework.test.context.web.ServletTestExecutionListener, org.springframework.test.context.support.DirtiesContextBeforeModesTestExecutionListener, org.springframework.test.context.support.DependencyInjectionTestExecutionListener, org.springframework.test.context.support.DirtiesContextTestExecutionListener, org.springframework.test.context.transaction.TransactionalTestExecutionListener, org.springframework.test.context.jdbc.SqlScriptsTestExecutionListener]
15:48:05.064 [main] INFO org.springframework.boot.test.autoconfigure.web.servlet.WebMvcTestContextBootstrapper - Using TestExecutionListeners: [org.springframework.test.context.web.ServletTestExecutionListener@478190fc, org.springframework.test.context.support.DirtiesContextBeforeModesTestExecutionListener@79e2c065, org.springframework.boot.test.autoconfigure.SpringBootDependencyInjectionTestExecutionListener@3a93b025, org.springframework.test.context.support.DirtiesContextTestExecutionListener@35cabb2a, org.springframework.test.context.transaction.TransactionalTestExecutionListener@7e07db1f, org.springframework.test.context.jdbc.SqlScriptsTestExecutionListener@1189dd52, org.springframework.boot.test.autoconfigure.web.servlet.MockMvcPrintOnlyOnFailureTestExecutionListener@36bc55de, org.springframework.boot.test.mock.mockito.ResetMocksTestExecutionListener@564fabc8, org.springframework.boot.test.mock.mockito.MockitoTestExecutionListener@16d04d3d, org.springframework.boot.test.autoconfigure.restdocs.RestDocsTestExecutionListener@49ec71f8, org.springframework.boot.test.autoconfigure.web.servlet.WebDriverTestExecutionListener@1d2adfbe, org.springframework.boot.test.autoconfigure.web.client.MockRestServiceServerResetTestExecutionListener@36902638]
15:48:05.065 [main] DEBUG org.springframework.test.context.junit4.SpringJUnit4ClassRunner - SpringJUnit4ClassRunner constructor called with [class org.springframework.samples.petclinic.owner.OwnerControllerTests]
15:48:05.065 [main] DEBUG org.springframework.test.context.BootstrapUtils - Instantiating CacheAwareContextLoaderDelegate from class [org.springframework.test.context.cache.DefaultCacheAwareContextLoaderDelegate]
15:48:05.065 [main] DEBUG org.springframework.test.context.BootstrapUtils - Instantiating BootstrapContext using constructor [public org.springframework.test.context.support.DefaultBootstrapContext(java.lang.Class,org.springframework.test.context.CacheAwareContextLoaderDelegate)]
15:48:05.066 [main] DEBUG org.springframework.test.context.BootstrapUtils - Instantiating TestContextBootstrapper for test class [org.springframework.samples.petclinic.owner.OwnerControllerTests] from class [org.springframework.boot.test.autoconfigure.web.servlet.WebMvcTestContextBootstrapper]
15:48:05.066 [main] INFO org.springframework.boot.test.autoconfigure.web.servlet.WebMvcTestContextBootstrapper - Neither @ContextConfiguration nor @ContextHierarchy found for test class [org.springframework.samples.petclinic.owner.OwnerControllerTests], using SpringBootContextLoader
15:48:05.067 [main] DEBUG org.springframework.test.context.support.AbstractContextLoader - Did not detect default resource location for test class [org.springframework.samples.petclinic.owner.OwnerControllerTests]: class path resource [org/springframework/samples/petclinic/owner/OwnerControllerTests-context.xml] does not exist
15:48:05.067 [main] DEBUG org.springframework.test.context.support.AbstractContextLoader - Did not detect default resource location for test class [org.springframework.samples.petclinic.owner.OwnerControllerTests]: class path resource [org/springframework/samples/petclinic/owner/OwnerControllerTestsContext.groovy] does not exist
15:48:05.067 [main] INFO org.springframework.test.context.support.AbstractContextLoader - Could not detect default resource locations for test class [org.springframework.samples.petclinic.owner.OwnerControllerTests]: no resource found for suffixes {-context.xml, Context.groovy}.
15:48:05.067 [main] INFO org.springframework.test.context.support.AnnotationConfigContextLoaderUtils - Could not detect default configuration classes for test class [org.springframework.samples.petclinic.owner.OwnerControllerTests]: OwnerControllerTests does not declare any static, non-private, non-final, nested classes annotated with @Configuration.
15:48:05.071 [main] DEBUG org.springframework.test.context.support.ActiveProfilesUtils - Could not find an 'annotation declaring class' for annotation type [org.springframework.test.context.ActiveProfiles] and class [org.springframework.samples.petclinic.owner.OwnerControllerTests]
15:48:05.072 [main] DEBUG org.springframework.core.env.StandardEnvironment - Adding [systemProperties] PropertySource with lowest search precedence
15:48:05.072 [main] DEBUG org.springframework.core.env.StandardEnvironment - Adding [systemEnvironment] PropertySource with lowest search precedence
15:48:05.072 [main] DEBUG org.springframework.core.env.StandardEnvironment - Initialized StandardEnvironment with PropertySources [systemProperties,systemEnvironment]
15:48:05.072 [main] INFO org.springframework.boot.test.context.SpringBootTestContextBootstrapper - Found @SpringBootConfiguration org.springframework.samples.petclinic.PetClinicApplication for test class org.springframework.samples.petclinic.owner.OwnerControllerTests
15:48:05.073 [main] DEBUG org.springframework.boot.test.autoconfigure.web.servlet.WebMvcTestContextBootstrapper - @TestExecutionListeners is not present for class [org.springframework.samples.petclinic.owner.OwnerControllerTests]: using defaults.
15:48:05.075 [main] INFO org.springframework.boot.test.autoconfigure.web.servlet.WebMvcTestContextBootstrapper - Loaded default TestExecutionListener class names from location [META-INF/spring.factories]: [org.springframework.boot.test.mock.mockito.MockitoTestExecutionListener, org.springframework.boot.test.mock.mockito.ResetMocksTestExecutionListener, org.springframework.boot.test.autoconfigure.restdocs.RestDocsTestExecutionListener, org.springframework.boot.test.autoconfigure.web.client.MockRestServiceServerResetTestExecutionListener, org.springframework.boot.test.autoconfigure.web.servlet.MockMvcPrintOnlyOnFailureTestExecutionListener, org.springframework.boot.test.autoconfigure.web.servlet.WebDriverTestExecutionListener, org.springframework.test.context.web.ServletTestExecutionListener, org.springframework.test.context.support.DirtiesContextBeforeModesTestExecutionListener, org.springframework.test.context.support.DependencyInjectionTestExecutionListener, org.springframework.test.context.support.DirtiesContextTestExecutionListener, org.springframework.test.context.transaction.TransactionalTestExecutionListener, org.springframework.test.context.jdbc.SqlScriptsTestExecutionListener]
15:48:05.077 [main] INFO org.springframework.boot.test.autoconfigure.web.servlet.WebMvcTestContextBootstrapper - Using TestExecutionListeners: [org.springframework.test.context.web.ServletTestExecutionListener@235834f2, org.springframework.test.context.support.DirtiesContextBeforeModesTestExecutionListener@5656be13, org.springframework.boot.test.autoconfigure.SpringBootDependencyInjectionTestExecutionListener@4218d6a3, org.springframework.test.context.support.DirtiesContextTestExecutionListener@76505305, org.springframework.test.context.transaction.TransactionalTestExecutionListener@14cd1699, org.springframework.test.context.jdbc.SqlScriptsTestExecutionListener@77888435, org.springframework.boot.test.autoconfigure.web.servlet.MockMvcPrintOnlyOnFailureTestExecutionListener@73a1e9a9, org.springframework.boot.test.mock.mockito.ResetMocksTestExecutionListener@71d44a3, org.springframework.boot.test.mock.mockito.MockitoTestExecutionListener@7b98f307, org.springframework.boot.test.autoconfigure.restdocs.RestDocsTestExecutionListener@4802796d, org.springframework.boot.test.autoconfigure.web.servlet.WebDriverTestExecutionListener@34123d65, org.springframework.boot.test.autoconfigure.web.client.MockRestServiceServerResetTestExecutionListener@59474f18]
15:48:05.083 [main] DEBUG org.springframework.test.context.junit4.SpringJUnit4ClassRunner - SpringJUnit4ClassRunner constructor called with [class org.springframework.samples.petclinic.service.ClinicServiceTests]
15:48:05.084 [main] DEBUG org.springframework.test.context.BootstrapUtils - Instantiating CacheAwareContextLoaderDelegate from class [org.springframework.test.context.cache.DefaultCacheAwareContextLoaderDelegate]
15:48:05.084 [main] DEBUG org.springframework.test.context.BootstrapUtils - Instantiating BootstrapContext using constructor [public org.springframework.test.context.support.DefaultBootstrapContext(java.lang.Class,org.springframework.test.context.CacheAwareContextLoaderDelegate)]
15:48:05.085 [main] DEBUG org.springframework.test.context.BootstrapUtils - Instantiating TestContextBootstrapper for test class [org.springframework.samples.petclinic.service.ClinicServiceTests] from class [org.springframework.boot.test.context.SpringBootTestContextBootstrapper]
15:48:05.086 [main] INFO org.springframework.boot.test.context.SpringBootTestContextBootstrapper - Neither @ContextConfiguration nor @ContextHierarchy found for test class [org.springframework.samples.petclinic.service.ClinicServiceTests], using SpringBootContextLoader
15:48:05.086 [main] DEBUG org.springframework.test.context.support.AbstractContextLoader - Did not detect default resource location for test class [org.springframework.samples.petclinic.service.ClinicServiceTests]: class path resource [org/springframework/samples/petclinic/service/ClinicServiceTests-context.xml] does not exist
15:48:05.087 [main] DEBUG org.springframework.test.context.support.AbstractContextLoader - Did not detect default resource location for test class [org.springframework.samples.petclinic.service.ClinicServiceTests]: class path resource [org/springframework/samples/petclinic/service/ClinicServiceTestsContext.groovy] does not exist
15:48:05.087 [main] INFO org.springframework.test.context.support.AbstractContextLoader - Could not detect default resource locations for test class [org.springframework.samples.petclinic.service.ClinicServiceTests]: no resource found for suffixes {-context.xml, Context.groovy}.
15:48:05.087 [main] INFO org.springframework.test.context.support.AnnotationConfigContextLoaderUtils - Could not detect default configuration classes for test class [org.springframework.samples.petclinic.service.ClinicServiceTests]: ClinicServiceTests does not declare any static, non-private, non-final, nested classes annotated with @Configuration.
15:48:05.094 [main] DEBUG org.springframework.test.context.support.ActiveProfilesUtils - Could not find an 'annotation declaring class' for annotation type [org.springframework.test.context.ActiveProfiles] and class [org.springframework.samples.petclinic.service.ClinicServiceTests]
15:48:05.094 [main] DEBUG org.springframework.core.env.StandardEnvironment - Adding [systemProperties] PropertySource with lowest search precedence
15:48:05.094 [main] DEBUG org.springframework.core.env.StandardEnvironment - Adding [systemEnvironment] PropertySource with lowest search precedence
15:48:05.094 [main] DEBUG org.springframework.core.env.StandardEnvironment - Initialized StandardEnvironment with PropertySources [systemProperties,systemEnvironment]
15:48:05.095 [main] DEBUG org.springframework.core.io.support.PathMatchingResourcePatternResolver - Resolved classpath location [org/springframework/samples/petclinic/service/] to resources [URL [file:/home/dsyer/dev/demo/workspace/startup/petclinic/target/test-classes/org/springframework/samples/petclinic/service/]]
15:48:05.095 [main] DEBUG org.springframework.core.io.support.PathMatchingResourcePatternResolver - Looking for matching resources in directory tree [/home/dsyer/dev/demo/workspace/startup/petclinic/target/test-classes/org/springframework/samples/petclinic/service]
15:48:05.095 [main] DEBUG org.springframework.core.io.support.PathMatchingResourcePatternResolver - Searching directory [/home/dsyer/dev/demo/workspace/startup/petclinic/target/test-classes/org/springframework/samples/petclinic/service] for files matching pattern [/home/dsyer/dev/demo/workspace/startup/petclinic/target/test-classes/org/springframework/samples/petclinic/service/*.class]
15:48:05.095 [main] DEBUG org.springframework.core.io.support.PathMatchingResourcePatternResolver - Resolved location pattern [classpath*:org/springframework/samples/petclinic/service/*.class] to resources [file [/home/dsyer/dev/demo/workspace/startup/petclinic/target/test-classes/org/springframework/samples/petclinic/service/ClinicServiceTests.class], file [/home/dsyer/dev/demo/workspace/startup/petclinic/target/test-classes/org/springframework/samples/petclinic/service/EntityUtils.class]]
15:48:05.097 [main] DEBUG org.springframework.core.io.support.PathMatchingResourcePatternResolver - Resolved classpath location [org/springframework/samples/petclinic/] to resources [URL [file:/home/dsyer/dev/demo/workspace/startup/petclinic/target/test-classes/org/springframework/samples/petclinic/], URL [file:/home/dsyer/dev/demo/workspace/startup/petclinic/target/classes/org/springframework/samples/petclinic/]]
15:48:05.097 [main] DEBUG org.springframework.core.io.support.PathMatchingResourcePatternResolver - Looking for matching resources in directory tree [/home/dsyer/dev/demo/workspace/startup/petclinic/target/test-classes/org/springframework/samples/petclinic]
15:48:05.097 [main] DEBUG org.springframework.core.io.support.PathMatchingResourcePatternResolver - Searching directory [/home/dsyer/dev/demo/workspace/startup/petclinic/target/test-classes/org/springframework/samples/petclinic] for files matching pattern [/home/dsyer/dev/demo/workspace/startup/petclinic/target/test-classes/org/springframework/samples/petclinic/*.class]
15:48:05.097 [main] DEBUG org.springframework.core.io.support.PathMatchingResourcePatternResolver - Looking for matching resources in directory tree [/home/dsyer/dev/demo/workspace/startup/petclinic/target/classes/org/springframework/samples/petclinic]
15:48:05.097 [main] DEBUG org.springframework.core.io.support.PathMatchingResourcePatternResolver - Searching directory [/home/dsyer/dev/demo/workspace/startup/petclinic/target/classes/org/springframework/samples/petclinic] for files matching pattern [/home/dsyer/dev/demo/workspace/startup/petclinic/target/classes/org/springframework/samples/petclinic/*.class]
15:48:05.098 [main] DEBUG org.springframework.core.io.support.PathMatchingResourcePatternResolver - Resolved location pattern [classpath*:org/springframework/samples/petclinic/*.class] to resources [file [/home/dsyer/dev/demo/workspace/startup/petclinic/target/classes/org/springframework/samples/petclinic/PetClinicApplication.class]]
15:48:05.098 [main] DEBUG org.springframework.context.annotation.ClassPathScanningCandidateComponentProvider - Identified candidate component class: file [/home/dsyer/dev/demo/workspace/startup/petclinic/target/classes/org/springframework/samples/petclinic/PetClinicApplication.class]
15:48:05.098 [main] INFO org.springframework.boot.test.context.SpringBootTestContextBootstrapper - Found @SpringBootConfiguration org.springframework.samples.petclinic.PetClinicApplication for test class org.springframework.samples.petclinic.service.ClinicServiceTests
15:48:05.099 [main] DEBUG org.springframework.boot.test.context.SpringBootTestContextBootstrapper - @TestExecutionListeners is not present for class [org.springframework.samples.petclinic.service.ClinicServiceTests]: using defaults.
15:48:05.100 [main] INFO org.springframework.boot.test.context.SpringBootTestContextBootstrapper - Loaded default TestExecutionListener class names from location [META-INF/spring.factories]: [org.springframework.boot.test.mock.mockito.MockitoTestExecutionListener, org.springframework.boot.test.mock.mockito.ResetMocksTestExecutionListener, org.springframework.boot.test.autoconfigure.restdocs.RestDocsTestExecutionListener, org.springframework.boot.test.autoconfigure.web.client.MockRestServiceServerResetTestExecutionListener, org.springframework.boot.test.autoconfigure.web.servlet.MockMvcPrintOnlyOnFailureTestExecutionListener, org.springframework.boot.test.autoconfigure.web.servlet.WebDriverTestExecutionListener, org.springframework.test.context.web.ServletTestExecutionListener, org.springframework.test.context.support.DirtiesContextBeforeModesTestExecutionListener, org.springframework.test.context.support.DependencyInjectionTestExecutionListener, org.springframework.test.context.support.DirtiesContextTestExecutionListener, org.springframework.test.context.transaction.TransactionalTestExecutionListener, org.springframework.test.context.jdbc.SqlScriptsTestExecutionListener]
15:48:05.102 [main] INFO org.springframework.boot.test.context.SpringBootTestContextBootstrapper - Using TestExecutionListeners: [org.springframework.test.context.web.ServletTestExecutionListener@2a5c8d3f, org.springframework.test.context.support.DirtiesContextBeforeModesTestExecutionListener@752325ad, org.springframework.boot.test.autoconfigure.SpringBootDependencyInjectionTestExecutionListener@279fedbd, org.springframework.test.context.support.DirtiesContextTestExecutionListener@b3ca52e, org.springframework.test.context.transaction.TransactionalTestExecutionListener@45c7e403, org.springframework.test.context.jdbc.SqlScriptsTestExecutionListener@2925bf5b, org.springframework.boot.test.autoconfigure.web.servlet.MockMvcPrintOnlyOnFailureTestExecutionListener@710f4dc7, org.springframework.boot.test.mock.mockito.ResetMocksTestExecutionListener@1ff4931d, org.springframework.boot.test.mock.mockito.MockitoTestExecutionListener@65e98b1c, org.springframework.boot.test.autoconfigure.restdocs.RestDocsTestExecutionListener@61322f9d, org.springframework.boot.test.autoconfigure.web.servlet.WebDriverTestExecutionListener@6ad82709, org.springframework.boot.test.autoconfigure.web.client.MockRestServiceServerResetTestExecutionListener@510f3d34]
15:48:05.103 [main] DEBUG org.springframework.test.context.junit4.SpringJUnit4ClassRunner - SpringJUnit4ClassRunner constructor called with [class org.springframework.samples.petclinic.vet.VetControllerTests]
15:48:05.103 [main] DEBUG org.springframework.test.context.BootstrapUtils - Instantiating CacheAwareContextLoaderDelegate from class [org.springframework.test.context.cache.DefaultCacheAwareContextLoaderDelegate]
15:48:05.103 [main] DEBUG org.springframework.test.context.BootstrapUtils - Instantiating BootstrapContext using constructor [public org.springframework.test.context.support.DefaultBootstrapContext(java.lang.Class,org.springframework.test.context.CacheAwareContextLoaderDelegate)]
15:48:05.103 [main] DEBUG org.springframework.test.context.BootstrapUtils - Instantiating TestContextBootstrapper for test class [org.springframework.samples.petclinic.vet.VetControllerTests] from class [org.springframework.boot.test.autoconfigure.web.servlet.WebMvcTestContextBootstrapper]
15:48:05.104 [main] INFO org.springframework.boot.test.autoconfigure.web.servlet.WebMvcTestContextBootstrapper - Neither @ContextConfiguration nor @ContextHierarchy found for test class [org.springframework.samples.petclinic.vet.VetControllerTests], using SpringBootContextLoader
15:48:05.104 [main] DEBUG org.springframework.test.context.support.AbstractContextLoader - Did not detect default resource location for test class [org.springframework.samples.petclinic.vet.VetControllerTests]: class path resource [org/springframework/samples/petclinic/vet/VetControllerTests-context.xml] does not exist
15:48:05.105 [main] DEBUG org.springframework.test.context.support.AbstractContextLoader - Did not detect default resource location for test class [org.springframework.samples.petclinic.vet.VetControllerTests]: class path resource [org/springframework/samples/petclinic/vet/VetControllerTestsContext.groovy] does not exist
15:48:05.105 [main] INFO org.springframework.test.context.support.AbstractContextLoader - Could not detect default resource locations for test class [org.springframework.samples.petclinic.vet.VetControllerTests]: no resource found for suffixes {-context.xml, Context.groovy}.
15:48:05.105 [main] INFO org.springframework.test.context.support.AnnotationConfigContextLoaderUtils - Could not detect default configuration classes for test class [org.springframework.samples.petclinic.vet.VetControllerTests]: VetControllerTests does not declare any static, non-private, non-final, nested classes annotated with @Configuration.
15:48:05.109 [main] DEBUG org.springframework.test.context.support.ActiveProfilesUtils - Could not find an 'annotation declaring class' for annotation type [org.springframework.test.context.ActiveProfiles] and class [org.springframework.samples.petclinic.vet.VetControllerTests]
15:48:05.110 [main] DEBUG org.springframework.core.env.StandardEnvironment - Adding [systemProperties] PropertySource with lowest search precedence
15:48:05.110 [main] DEBUG org.springframework.core.env.StandardEnvironment - Adding [systemEnvironment] PropertySource with lowest search precedence
15:48:05.110 [main] DEBUG org.springframework.core.env.StandardEnvironment - Initialized StandardEnvironment with PropertySources [systemProperties,systemEnvironment]
15:48:05.111 [main] DEBUG org.springframework.core.io.support.PathMatchingResourcePatternResolver - Resolved classpath location [org/springframework/samples/petclinic/vet/] to resources [URL [file:/home/dsyer/dev/demo/workspace/startup/petclinic/target/test-classes/org/springframework/samples/petclinic/vet/], URL [file:/home/dsyer/dev/demo/workspace/startup/petclinic/target/classes/org/springframework/samples/petclinic/vet/]]
15:48:05.111 [main] DEBUG org.springframework.core.io.support.PathMatchingResourcePatternResolver - Looking for matching resources in directory tree [/home/dsyer/dev/demo/workspace/startup/petclinic/target/test-classes/org/springframework/samples/petclinic/vet]
15:48:05.111 [main] DEBUG org.springframework.core.io.support.PathMatchingResourcePatternResolver - Searching directory [/home/dsyer/dev/demo/workspace/startup/petclinic/target/test-classes/org/springframework/samples/petclinic/vet] for files matching pattern [/home/dsyer/dev/demo/workspace/startup/petclinic/target/test-classes/org/springframework/samples/petclinic/vet/*.class]
15:48:05.111 [main] DEBUG org.springframework.core.io.support.PathMatchingResourcePatternResolver - Looking for matching resources in directory tree [/home/dsyer/dev/demo/workspace/startup/petclinic/target/classes/org/springframework/samples/petclinic/vet]
15:48:05.112 [main] DEBUG org.springframework.core.io.support.PathMatchingResourcePatternResolver - Searching directory [/home/dsyer/dev/demo/workspace/startup/petclinic/target/classes/org/springframework/samples/petclinic/vet] for files matching pattern [/home/dsyer/dev/demo/workspace/startup/petclinic/target/classes/org/springframework/samples/petclinic/vet/*.class]
15:48:05.112 [main] DEBUG org.springframework.core.io.support.PathMatchingResourcePatternResolver - Resolved location pattern [classpath*:org/springframework/samples/petclinic/vet/*.class] to resources [file [/home/dsyer/dev/demo/workspace/startup/petclinic/target/test-classes/org/springframework/samples/petclinic/vet/VetControllerTests.class], file [/home/dsyer/dev/demo/workspace/startup/petclinic/target/classes/org/springframework/samples/petclinic/vet/Specialty.class], file [/home/dsyer/dev/demo/workspace/startup/petclinic/target/classes/org/springframework/samples/petclinic/vet/Vet.class], file [/home/dsyer/dev/demo/workspace/startup/petclinic/target/classes/org/springframework/samples/petclinic/vet/VetController.class], file [/home/dsyer/dev/demo/workspace/startup/petclinic/target/classes/org/springframework/samples/petclinic/vet/VetRepository.class], file [/home/dsyer/dev/demo/workspace/startup/petclinic/target/classes/org/springframework/samples/petclinic/vet/Vets.class]]
15:48:05.115 [main] DEBUG org.springframework.core.io.support.PathMatchingResourcePatternResolver - Resolved classpath location [org/springframework/samples/petclinic/] to resources [URL [file:/home/dsyer/dev/demo/workspace/startup/petclinic/target/test-classes/org/springframework/samples/petclinic/], URL [file:/home/dsyer/dev/demo/workspace/startup/petclinic/target/classes/org/springframework/samples/petclinic/]]
15:48:05.115 [main] DEBUG org.springframework.core.io.support.PathMatchingResourcePatternResolver - Looking for matching resources in directory tree [/home/dsyer/dev/demo/workspace/startup/petclinic/target/test-classes/org/springframework/samples/petclinic]
15:48:05.115 [main] DEBUG org.springframework.core.io.support.PathMatchingResourcePatternResolver - Searching directory [/home/dsyer/dev/demo/workspace/startup/petclinic/target/test-classes/org/springframework/samples/petclinic] for files matching pattern [/home/dsyer/dev/demo/workspace/startup/petclinic/target/test-classes/org/springframework/samples/petclinic/*.class]
15:48:05.115 [main] DEBUG org.springframework.core.io.support.PathMatchingResourcePatternResolver - Looking for matching resources in directory tree [/home/dsyer/dev/demo/workspace/startup/petclinic/target/classes/org/springframework/samples/petclinic]
15:48:05.115 [main] DEBUG org.springframework.core.io.support.PathMatchingResourcePatternResolver - Searching directory [/home/dsyer/dev/demo/workspace/startup/petclinic/target/classes/org/springframework/samples/petclinic] for files matching pattern [/home/dsyer/dev/demo/workspace/startup/petclinic/target/classes/org/springframework/samples/petclinic/*.class]
15:48:05.116 [main] DEBUG org.springframework.core.io.support.PathMatchingResourcePatternResolver - Resolved location pattern [classpath*:org/springframework/samples/petclinic/*.class] to resources [file [/home/dsyer/dev/demo/workspace/startup/petclinic/target/classes/org/springframework/samples/petclinic/PetClinicApplication.class]]
15:48:05.117 [main] DEBUG org.springframework.context.annotation.ClassPathScanningCandidateComponentProvider - Identified candidate component class: file [/home/dsyer/dev/demo/workspace/startup/petclinic/target/classes/org/springframework/samples/petclinic/PetClinicApplication.class]
15:48:05.117 [main] INFO org.springframework.boot.test.context.SpringBootTestContextBootstrapper - Found @SpringBootConfiguration org.springframework.samples.petclinic.PetClinicApplication for test class org.springframework.samples.petclinic.vet.VetControllerTests
15:48:05.118 [main] DEBUG org.springframework.boot.test.autoconfigure.web.servlet.WebMvcTestContextBootstrapper - @TestExecutionListeners is not present for class [org.springframework.samples.petclinic.vet.VetControllerTests]: using defaults.
15:48:05.119 [main] INFO org.springframework.boot.test.autoconfigure.web.servlet.WebMvcTestContextBootstrapper - Loaded default TestExecutionListener class names from location [META-INF/spring.factories]: [org.springframework.boot.test.mock.mockito.MockitoTestExecutionListener, org.springframework.boot.test.mock.mockito.ResetMocksTestExecutionListener, org.springframework.boot.test.autoconfigure.restdocs.RestDocsTestExecutionListener, org.springframework.boot.test.autoconfigure.web.client.MockRestServiceServerResetTestExecutionListener, org.springframework.boot.test.autoconfigure.web.servlet.MockMvcPrintOnlyOnFailureTestExecutionListener, org.springframework.boot.test.autoconfigure.web.servlet.WebDriverTestExecutionListener, org.springframework.test.context.web.ServletTestExecutionListener, org.springframework.test.context.support.DirtiesContextBeforeModesTestExecutionListener, org.springframework.test.context.support.DependencyInjectionTestExecutionListener, org.springframework.test.context.support.DirtiesContextTestExecutionListener, org.springframework.test.context.transaction.TransactionalTestExecutionListener, org.springframework.test.context.jdbc.SqlScriptsTestExecutionListener]
15:48:05.120 [main] INFO org.springframework.boot.test.autoconfigure.web.servlet.WebMvcTestContextBootstrapper - Using TestExecutionListeners: [org.springframework.test.context.web.ServletTestExecutionListener@5c90e579, org.springframework.test.context.support.DirtiesContextBeforeModesTestExecutionListener@58ea606c, org.springframework.boot.test.autoconfigure.SpringBootDependencyInjectionTestExecutionListener@6f45df59, org.springframework.test.context.support.DirtiesContextTestExecutionListener@38e79ae3, org.springframework.test.context.transaction.TransactionalTestExecutionListener@63070bab, org.springframework.test.context.jdbc.SqlScriptsTestExecutionListener@68e5eea7, org.springframework.boot.test.autoconfigure.web.servlet.MockMvcPrintOnlyOnFailureTestExecutionListener@291b4bf5, org.springframework.boot.test.mock.mockito.ResetMocksTestExecutionListener@2d2ffcb7, org.springframework.boot.test.mock.mockito.MockitoTestExecutionListener@762ef0ea, org.springframework.boot.test.autoconfigure.restdocs.RestDocsTestExecutionListener@31f9b85e, org.springframework.boot.test.autoconfigure.web.servlet.WebDriverTestExecutionListener@424e1977, org.springframework.boot.test.autoconfigure.web.client.MockRestServiceServerResetTestExecutionListener@10d68fcd]
15:48:05.123 [main] DEBUG org.springframework.test.annotation.ProfileValueUtils - Retrieved @ProfileValueSourceConfiguration [null] for test class [org.springframework.samples.petclinic.owner.VisitControllerTests]
15:48:05.123 [main] DEBUG org.springframework.test.annotation.ProfileValueUtils - Retrieved ProfileValueSource type [class org.springframework.test.annotation.SystemProfileValueSource] for class [org.springframework.samples.petclinic.owner.VisitControllerTests]
15:48:05.123 [main] DEBUG org.springframework.test.annotation.ProfileValueUtils - Retrieved @ProfileValueSourceConfiguration [null] for test class [org.springframework.samples.petclinic.owner.PetControllerTests]
15:48:05.123 [main] DEBUG org.springframework.test.annotation.ProfileValueUtils - Retrieved ProfileValueSource type [class org.springframework.test.annotation.SystemProfileValueSource] for class [org.springframework.samples.petclinic.owner.PetControllerTests]
15:48:05.124 [main] DEBUG org.springframework.test.annotation.ProfileValueUtils - Retrieved @ProfileValueSourceConfiguration [null] for test class [org.springframework.samples.petclinic.owner.OwnerControllerTests]
15:48:05.124 [main] DEBUG org.springframework.test.annotation.ProfileValueUtils - Retrieved ProfileValueSource type [class org.springframework.test.annotation.SystemProfileValueSource] for class [org.springframework.samples.petclinic.owner.OwnerControllerTests]
15:48:05.124 [main] DEBUG org.springframework.test.annotation.ProfileValueUtils - Retrieved @ProfileValueSourceConfiguration [null] for test class [org.springframework.samples.petclinic.service.ClinicServiceTests]
15:48:05.124 [main] DEBUG org.springframework.test.annotation.ProfileValueUtils - Retrieved ProfileValueSource type [class org.springframework.test.annotation.SystemProfileValueSource] for class [org.springframework.samples.petclinic.service.ClinicServiceTests]
15:48:05.125 [main] DEBUG org.springframework.test.annotation.ProfileValueUtils - Retrieved @ProfileValueSourceConfiguration [null] for test class [org.springframework.samples.petclinic.vet.VetControllerTests]
15:48:05.125 [main] DEBUG org.springframework.test.annotation.ProfileValueUtils - Retrieved ProfileValueSource type [class org.springframework.test.annotation.SystemProfileValueSource] for class [org.springframework.samples.petclinic.vet.VetControllerTests]
Running org.springframework.samples.petclinic.owner.VisitControllerTests
15:48:05.126 [main] DEBUG org.springframework.test.context.junit4.SpringJUnit4ClassRunner - SpringJUnit4ClassRunner constructor called with [class org.springframework.samples.petclinic.owner.VisitControllerTests]
15:48:05.126 [main] DEBUG org.springframework.test.context.BootstrapUtils - Instantiating CacheAwareContextLoaderDelegate from class [org.springframework.test.context.cache.DefaultCacheAwareContextLoaderDelegate]
15:48:05.126 [main] DEBUG org.springframework.test.context.BootstrapUtils - Instantiating BootstrapContext using constructor [public org.springframework.test.context.support.DefaultBootstrapContext(java.lang.Class,org.springframework.test.context.CacheAwareContextLoaderDelegate)]
15:48:05.127 [main] DEBUG org.springframework.test.context.BootstrapUtils - Instantiating TestContextBootstrapper for test class [org.springframework.samples.petclinic.owner.VisitControllerTests] from class [org.springframework.boot.test.autoconfigure.web.servlet.WebMvcTestContextBootstrapper]
15:48:05.127 [main] INFO org.springframework.boot.test.autoconfigure.web.servlet.WebMvcTestContextBootstrapper - Neither @ContextConfiguration nor @ContextHierarchy found for test class [org.springframework.samples.petclinic.owner.VisitControllerTests], using SpringBootContextLoader
15:48:05.127 [main] DEBUG org.springframework.test.context.support.AbstractContextLoader - Did not detect default resource location for test class [org.springframework.samples.petclinic.owner.VisitControllerTests]: class path resource [org/springframework/samples/petclinic/owner/VisitControllerTests-context.xml] does not exist
15:48:05.127 [main] DEBUG org.springframework.test.context.support.AbstractContextLoader - Did not detect default resource location for test class [org.springframework.samples.petclinic.owner.VisitControllerTests]: class path resource [org/springframework/samples/petclinic/owner/VisitControllerTestsContext.groovy] does not exist
15:48:05.127 [main] INFO org.springframework.test.context.support.AbstractContextLoader - Could not detect default resource locations for test class [org.springframework.samples.petclinic.owner.VisitControllerTests]: no resource found for suffixes {-context.xml, Context.groovy}.
15:48:05.127 [main] INFO org.springframework.test.context.support.AnnotationConfigContextLoaderUtils - Could not detect default configuration classes for test class [org.springframework.samples.petclinic.owner.VisitControllerTests]: VisitControllerTests does not declare any static, non-private, non-final, nested classes annotated with @Configuration.
15:48:05.132 [main] DEBUG org.springframework.test.context.support.ActiveProfilesUtils - Could not find an 'annotation declaring class' for annotation type [org.springframework.test.context.ActiveProfiles] and class [org.springframework.samples.petclinic.owner.VisitControllerTests]
15:48:05.132 [main] DEBUG org.springframework.core.env.StandardEnvironment - Adding [systemProperties] PropertySource with lowest search precedence
15:48:05.132 [main] DEBUG org.springframework.core.env.StandardEnvironment - Adding [systemEnvironment] PropertySource with lowest search precedence
15:48:05.132 [main] DEBUG org.springframework.core.env.StandardEnvironment - Initialized StandardEnvironment with PropertySources [systemProperties,systemEnvironment]
15:48:05.132 [main] INFO org.springframework.boot.test.context.SpringBootTestContextBootstrapper - Found @SpringBootConfiguration org.springframework.samples.petclinic.PetClinicApplication for test class org.springframework.samples.petclinic.owner.VisitControllerTests
15:48:05.133 [main] DEBUG org.springframework.boot.test.autoconfigure.web.servlet.WebMvcTestContextBootstrapper - @TestExecutionListeners is not present for class [org.springframework.samples.petclinic.owner.VisitControllerTests]: using defaults.
15:48:05.134 [main] INFO org.springframework.boot.test.autoconfigure.web.servlet.WebMvcTestContextBootstrapper - Loaded default TestExecutionListener class names from location [META-INF/spring.factories]: [org.springframework.boot.test.mock.mockito.MockitoTestExecutionListener, org.springframework.boot.test.mock.mockito.ResetMocksTestExecutionListener, org.springframework.boot.test.autoconfigure.restdocs.RestDocsTestExecutionListener, org.springframework.boot.test.autoconfigure.web.client.MockRestServiceServerResetTestExecutionListener, org.springframework.boot.test.autoconfigure.web.servlet.MockMvcPrintOnlyOnFailureTestExecutionListener, org.springframework.boot.test.autoconfigure.web.servlet.WebDriverTestExecutionListener, org.springframework.test.context.web.ServletTestExecutionListener, org.springframework.test.context.support.DirtiesContextBeforeModesTestExecutionListener, org.springframework.test.context.support.DependencyInjectionTestExecutionListener, org.springframework.test.context.support.DirtiesContextTestExecutionListener, org.springframework.test.context.transaction.TransactionalTestExecutionListener, org.springframework.test.context.jdbc.SqlScriptsTestExecutionListener]
15:48:05.135 [main] INFO org.springframework.boot.test.autoconfigure.web.servlet.WebMvcTestContextBootstrapper - Using TestExecutionListeners: [org.springframework.test.context.web.ServletTestExecutionListener@37858383, org.springframework.test.context.support.DirtiesContextBeforeModesTestExecutionListener@4e268090, org.springframework.boot.test.autoconfigure.SpringBootDependencyInjectionTestExecutionListener@1bb266b3, org.springframework.test.context.support.DirtiesContextTestExecutionListener@306cf3ea, org.springframework.test.context.transaction.TransactionalTestExecutionListener@2beee7ff, org.springframework.test.context.jdbc.SqlScriptsTestExecutionListener@5136d012, org.springframework.boot.test.autoconfigure.web.servlet.MockMvcPrintOnlyOnFailureTestExecutionListener@5939a379, org.springframework.boot.test.mock.mockito.ResetMocksTestExecutionListener@e1de817, org.springframework.boot.test.mock.mockito.MockitoTestExecutionListener@52102734, org.springframework.boot.test.autoconfigure.restdocs.RestDocsTestExecutionListener@3541cb24, org.springframework.boot.test.autoconfigure.web.servlet.WebDriverTestExecutionListener@2177849e, org.springframework.boot.test.autoconfigure.web.client.MockRestServiceServerResetTestExecutionListener@40cb8df7]
15:48:05.135 [main] DEBUG org.springframework.test.annotation.ProfileValueUtils - Retrieved @ProfileValueSourceConfiguration [null] for test class [org.springframework.samples.petclinic.owner.VisitControllerTests]
15:48:05.135 [main] DEBUG org.springframework.test.annotation.ProfileValueUtils - Retrieved ProfileValueSource type [class org.springframework.test.annotation.SystemProfileValueSource] for class [org.springframework.samples.petclinic.owner.VisitControllerTests]
15:48:05.136 [main] DEBUG org.springframework.test.annotation.ProfileValueUtils - Retrieved @ProfileValueSourceConfiguration [null] for test class [org.springframework.samples.petclinic.owner.VisitControllerTests]
15:48:05.136 [main] DEBUG org.springframework.test.annotation.ProfileValueUtils - Retrieved ProfileValueSource type [class org.springframework.test.annotation.SystemProfileValueSource] for class [org.springframework.samples.petclinic.owner.VisitControllerTests]
15:48:05.137 [main] DEBUG org.springframework.test.context.support.AbstractDirtiesContextTestExecutionListener - Before test class: context [DefaultTestContext@482bce4f testClass = VisitControllerTests, testInstance = [null], testMethod = [null], testException = [null], mergedContextConfiguration = [WebMergedContextConfiguration@366647c2 testClass = VisitControllerTests, locations = '{}', classes = '{class org.springframework.samples.petclinic.PetClinicApplication}', contextInitializerClasses = '[]', activeProfiles = '{}', propertySourceLocations = '{}', propertySourceProperties = '{org.springframework.boot.test.autoconfigure.web.servlet.WebMvcTestContextBootstrapper=true}', contextCustomizers = set[org.springframework.boot.test.context.ImportsContextCustomizer@c7b8d653, org.springframework.boot.test.context.filter.ExcludeFilterContextCustomizer@6eceb130, org.springframework.boot.test.mock.mockito.MockitoContextCustomizer@87cb2514, org.springframework.boot.test.autoconfigure.OverrideAutoConfigurationContextCustomizerFactory$DisableAutoConfigurationContextCustomizer@4ae82894, org.springframework.boot.test.autoconfigure.filter.TypeExcludeFiltersContextCustomizer@6ee52dcd, org.springframework.boot.test.autoconfigure.properties.PropertyMappingContextCustomizer@baa5f244, org.springframework.boot.test.autoconfigure.web.servlet.WebDriverContextCustomizerFactory$Customizer@57f23557], resourceBasePath = '', contextLoader = 'org.springframework.boot.test.context.SpringBootContextLoader', parent = [null]]], class annotated with @DirtiesContext [false] with mode [null].
15:48:05.137 [main] DEBUG org.springframework.test.annotation.ProfileValueUtils - Retrieved @ProfileValueSourceConfiguration [null] for test class [org.springframework.samples.petclinic.owner.VisitControllerTests]
15:48:05.137 [main] DEBUG org.springframework.test.annotation.ProfileValueUtils - Retrieved ProfileValueSource type [class org.springframework.test.annotation.SystemProfileValueSource] for class [org.springframework.samples.petclinic.owner.VisitControllerTests]
15:48:05.138 [main] DEBUG org.springframework.test.context.support.DependencyInjectionTestExecutionListener - Performing dependency injection for test context [[DefaultTestContext@482bce4f testClass = VisitControllerTests, testInstance = org.springframework.samples.petclinic.owner.VisitControllerTests@6a370f4, testMethod = [null], testException = [null], mergedContextConfiguration = [WebMergedContextConfiguration@366647c2 testClass = VisitControllerTests, locations = '{}', classes = '{class org.springframework.samples.petclinic.PetClinicApplication}', contextInitializerClasses = '[]', activeProfiles = '{}', propertySourceLocations = '{}', propertySourceProperties = '{org.springframework.boot.test.autoconfigure.web.servlet.WebMvcTestContextBootstrapper=true}', contextCustomizers = set[org.springframework.boot.test.context.ImportsContextCustomizer@c7b8d653, org.springframework.boot.test.context.filter.ExcludeFilterContextCustomizer@6eceb130, org.springframework.boot.test.mock.mockito.MockitoContextCustomizer@87cb2514, org.springframework.boot.test.autoconfigure.OverrideAutoConfigurationContextCustomizerFactory$DisableAutoConfigurationContextCustomizer@4ae82894, org.springframework.boot.test.autoconfigure.filter.TypeExcludeFiltersContextCustomizer@6ee52dcd, org.springframework.boot.test.autoconfigure.properties.PropertyMappingContextCustomizer@baa5f244, org.springframework.boot.test.autoconfigure.web.servlet.WebDriverContextCustomizerFactory$Customizer@57f23557], resourceBasePath = '', contextLoader = 'org.springframework.boot.test.context.SpringBootContextLoader', parent = [null]]]].
15:48:05.151 [main] DEBUG org.springframework.core.env.StandardEnvironment - Adding [systemProperties] PropertySource with lowest search precedence
15:48:05.151 [main] DEBUG org.springframework.core.env.StandardEnvironment - Adding [systemEnvironment] PropertySource with lowest search precedence
15:48:05.151 [main] DEBUG org.springframework.core.env.StandardEnvironment - Initialized StandardEnvironment with PropertySources [systemProperties,systemEnvironment]
15:48:05.152 [main] DEBUG org.springframework.test.context.support.TestPropertySourceUtils - Adding inlined properties to environment: {spring.jmx.enabled=false, org.springframework.boot.test.autoconfigure.web.servlet.WebMvcTestContextBootstrapper=true, server.port=-1}
15:48:05.153 [main] DEBUG org.springframework.core.env.StandardEnvironment - Adding [Inlined Test Properties] PropertySource with highest search precedence


              |\      _,,,--,,_
             /,`.-'`'   ._  \-;;,_
  _______ __|,4-  ) )_   .;.(__`'-'__     ___ __    _ ___ _______
 |       | '---''(_/._)-'(_\_)   |   |   |   |  |  | |   |       |
 |    _  |    ___|_     _|       |   |   |   |   |_| |   |       | __ _ _
 |   |_| |   |___  |   | |       |   |   |   |       |   |       | \ \ \ \
 |    ___|    ___| |   | |      _|   |___|   |  _    |   |      _|  \ \ \ \
 |   |   |   |___  |   | |     |_|       |   | | |   |   |     |_    ) ) ) )
 |___|   |_______| |___| |_______|_______|___|_|  |__|___|_______|  / / / /
 ==================================================================/_/_/_/

:: Built with Spring Boot :: 1.4.2.RELEASE


2017-01-31 15:48:05.404  INFO 9262 --- [           main] o.s.s.p.owner.VisitControllerTests       : Starting VisitControllerTests on tower with PID 9262 (started by dsyer in /home/dsyer/dev/demo/workspace/startup/petclinic)
2017-01-31 15:48:05.405  INFO 9262 --- [           main] o.s.s.p.owner.VisitControllerTests       : The following profiles are active: production
2017-01-31 15:48:05.418  INFO 9262 --- [           main] o.s.w.c.s.GenericWebApplicationContext   : Refreshing org.springframework.web.context.support.GenericWebApplicationContext@9ebe38b: startup date [Tue Jan 31 15:48:05 GMT 2017]; root of context hierarchy
2017-01-31 15:48:06.230  INFO 9262 --- [           main] s.w.s.m.m.a.RequestMappingHandlerAdapter : Looking for @ControllerAdvice: org.springframework.web.context.support.GenericWebApplicationContext@9ebe38b: startup date [Tue Jan 31 15:48:05 GMT 2017]; root of context hierarchy
2017-01-31 15:48:06.280  INFO 9262 --- [           main] s.w.s.m.m.a.RequestMappingHandlerMapping : Mapped "{[/owners/*/pets/{petId}/visits/new],methods=[GET]}" onto public java.lang.String org.springframework.samples.petclinic.owner.VisitController.initNewVisitForm(int,java.util.Map<java.lang.String, java.lang.Object>)
2017-01-31 15:48:06.280  INFO 9262 --- [           main] s.w.s.m.m.a.RequestMappingHandlerMapping : Mapped "{[/owners/{ownerId}/pets/{petId}/visits/new],methods=[POST]}" onto public java.lang.String org.springframework.samples.petclinic.owner.VisitController.processNewVisitForm(org.springframework.samples.petclinic.visit.Visit,org.springframework.validation.BindingResult)
2017-01-31 15:48:06.368  INFO 9262 --- [           main] o.s.w.s.handler.SimpleUrlHandlerMapping  : Mapped URL path [/webjars/**] onto handler of type [class org.springframework.web.servlet.resource.ResourceHttpRequestHandler]
2017-01-31 15:48:06.368  INFO 9262 --- [           main] o.s.w.s.handler.SimpleUrlHandlerMapping  : Mapped URL path [/**] onto handler of type [class org.springframework.web.servlet.resource.ResourceHttpRequestHandler]
2017-01-31 15:48:06.396  INFO 9262 --- [           main] o.s.w.s.handler.SimpleUrlHandlerMapping  : Mapped URL path [/**/favicon.ico] onto handler of type [class org.springframework.web.servlet.resource.ResourceHttpRequestHandler]
2017-01-31 15:48:06.552  INFO 9262 --- [           main] o.s.b.t.m.w.SpringBootMockServletContext : Initializing Spring FrameworkServlet ''
2017-01-31 15:48:06.552  INFO 9262 --- [           main] o.s.t.web.servlet.TestDispatcherServlet  : FrameworkServlet '': initialization started
2017-01-31 15:48:06.562  INFO 9262 --- [           main] o.s.t.web.servlet.TestDispatcherServlet  : FrameworkServlet '': initialization completed in 10 ms
2017-01-31 15:48:06.677  INFO 9262 --- [           main] o.s.s.p.owner.VisitControllerTests       : Started VisitControllerTests in 1.517 seconds (JVM running for 1.993)
Tests run: 3, Failures: 0, Errors: 0, Skipped: 0, Time elapsed: 2.057 sec - in org.springframework.samples.petclinic.owner.VisitControllerTests
Running org.springframework.samples.petclinic.owner.PetTypeFormatterTests
Tests run: 3, Failures: 0, Errors: 0, Skipped: 0, Time elapsed: 0 sec - in org.springframework.samples.petclinic.owner.PetTypeFormatterTests
Running org.springframework.samples.petclinic.owner.PetControllerTests
2017-01-31 15:48:07.197  INFO 9262 --- [           main] .b.t.a.w.s.WebMvcTestContextBootstrapper : Neither @ContextConfiguration nor @ContextHierarchy found for test class [org.springframework.samples.petclinic.owner.PetControllerTests], using SpringBootContextLoader
2017-01-31 15:48:07.198  INFO 9262 --- [           main] o.s.t.c.support.AbstractContextLoader    : Could not detect default resource locations for test class [org.springframework.samples.petclinic.owner.PetControllerTests]: no resource found for suffixes {-context.xml, Context.groovy}.
2017-01-31 15:48:07.198  INFO 9262 --- [           main] t.c.s.AnnotationConfigContextLoaderUtils : Could not detect default configuration classes for test class [org.springframework.samples.petclinic.owner.PetControllerTests]: PetControllerTests does not declare any static, non-private, non-final, nested classes annotated with @Configuration.
2017-01-31 15:48:07.204  INFO 9262 --- [           main] .b.t.c.SpringBootTestContextBootstrapper : Found @SpringBootConfiguration org.springframework.samples.petclinic.PetClinicApplication for test class org.springframework.samples.petclinic.owner.PetControllerTests
2017-01-31 15:48:07.207  INFO 9262 --- [           main] .b.t.a.w.s.WebMvcTestContextBootstrapper : Loaded default TestExecutionListener class names from location [META-INF/spring.factories]: [org.springframework.boot.test.mock.mockito.MockitoTestExecutionListener, org.springframework.boot.test.mock.mockito.ResetMocksTestExecutionListener, org.springframework.boot.test.autoconfigure.restdocs.RestDocsTestExecutionListener, org.springframework.boot.test.autoconfigure.web.client.MockRestServiceServerResetTestExecutionListener, org.springframework.boot.test.autoconfigure.web.servlet.MockMvcPrintOnlyOnFailureTestExecutionListener, org.springframework.boot.test.autoconfigure.web.servlet.WebDriverTestExecutionListener, org.springframework.test.context.web.ServletTestExecutionListener, org.springframework.test.context.support.DirtiesContextBeforeModesTestExecutionListener, org.springframework.test.context.support.DependencyInjectionTestExecutionListener, org.springframework.test.context.support.DirtiesContextTestExecutionListener, org.springframework.test.context.transaction.TransactionalTestExecutionListener, org.springframework.test.context.jdbc.SqlScriptsTestExecutionListener]
2017-01-31 15:48:07.209  INFO 9262 --- [           main] .b.t.a.w.s.WebMvcTestContextBootstrapper : Using TestExecutionListeners: [org.springframework.test.context.web.ServletTestExecutionListener@e38f0b7, org.springframework.test.context.support.DirtiesContextBeforeModesTestExecutionListener@1192b58e, org.springframework.boot.test.autoconfigure.SpringBootDependencyInjectionTestExecutionListener@4f8d86e4, org.springframework.test.context.support.DirtiesContextTestExecutionListener@5f631ca0, org.springframework.test.context.transaction.TransactionalTestExecutionListener@1697f2b3, org.springframework.test.context.jdbc.SqlScriptsTestExecutionListener@12ad1b2a, org.springframework.boot.test.autoconfigure.web.servlet.MockMvcPrintOnlyOnFailureTestExecutionListener@3134153d, org.springframework.boot.test.mock.mockito.ResetMocksTestExecutionListener@767599a7, org.springframework.boot.test.mock.mockito.MockitoTestExecutionListener@5f5effb0, org.springframework.boot.test.autoconfigure.restdocs.RestDocsTestExecutionListener@25d0cb3a, org.springframework.boot.test.autoconfigure.web.servlet.WebDriverTestExecutionListener@345cbf40, org.springframework.boot.test.autoconfigure.web.client.MockRestServiceServerResetTestExecutionListener@6e3eb0cd]


              |\      _,,,--,,_
             /,`.-'`'   ._  \-;;,_
  _______ __|,4-  ) )_   .;.(__`'-'__     ___ __    _ ___ _______
 |       | '---''(_/._)-'(_\_)   |   |   |   |  |  | |   |       |
 |    _  |    ___|_     _|       |   |   |   |   |_| |   |       | __ _ _
 |   |_| |   |___  |   | |       |   |   |   |       |   |       | \ \ \ \
 |    ___|    ___| |   | |      _|   |___|   |  _    |   |      _|  \ \ \ \
 |   |   |   |___  |   | |     |_|       |   | | |   |   |     |_    ) ) ) )
 |___|   |_______| |___| |_______|_______|___|_|  |__|___|_______|  / / / /
 ==================================================================/_/_/_/

:: Built with Spring Boot :: 1.4.2.RELEASE


2017-01-31 15:48:07.248  INFO 9262 --- [           main] o.s.s.p.owner.PetControllerTests         : Starting PetControllerTests on tower with PID 9262 (started by dsyer in /home/dsyer/dev/demo/workspace/startup/petclinic)
2017-01-31 15:48:07.248  INFO 9262 --- [           main] o.s.s.p.owner.PetControllerTests         : The following profiles are active: production
2017-01-31 15:48:07.249  INFO 9262 --- [           main] o.s.w.c.s.GenericWebApplicationContext   : Refreshing org.springframework.web.context.support.GenericWebApplicationContext@303c55fa: startup date [Tue Jan 31 15:48:07 GMT 2017]; root of context hierarchy
2017-01-31 15:48:07.492  INFO 9262 --- [           main] s.w.s.m.m.a.RequestMappingHandlerAdapter : Looking for @ControllerAdvice: org.springframework.web.context.support.GenericWebApplicationContext@303c55fa: startup date [Tue Jan 31 15:48:07 GMT 2017]; root of context hierarchy
2017-01-31 15:48:07.511  INFO 9262 --- [           main] s.w.s.m.m.a.RequestMappingHandlerMapping : Mapped "{[/owners/{ownerId}/pets/new],methods=[GET]}" onto public java.lang.String org.springframework.samples.petclinic.owner.PetController.initCreationForm(org.springframework.samples.petclinic.owner.Owner,org.springframework.ui.ModelMap)
2017-01-31 15:48:07.511  INFO 9262 --- [           main] s.w.s.m.m.a.RequestMappingHandlerMapping : Mapped "{[/owners/{ownerId}/pets/new],methods=[POST]}" onto public java.lang.String org.springframework.samples.petclinic.owner.PetController.processCreationForm(org.springframework.samples.petclinic.owner.Owner,org.springframework.samples.petclinic.owner.Pet,org.springframework.validation.BindingResult,org.springframework.ui.ModelMap)
2017-01-31 15:48:07.511  INFO 9262 --- [           main] s.w.s.m.m.a.RequestMappingHandlerMapping : Mapped "{[/owners/{ownerId}/pets/{petId}/edit],methods=[GET]}" onto public java.lang.String org.springframework.samples.petclinic.owner.PetController.initUpdateForm(int,org.springframework.ui.ModelMap)
2017-01-31 15:48:07.512  INFO 9262 --- [           main] s.w.s.m.m.a.RequestMappingHandlerMapping : Mapped "{[/owners/{ownerId}/pets/{petId}/edit],methods=[POST]}" onto public java.lang.String org.springframework.samples.petclinic.owner.PetController.processUpdateForm(org.springframework.samples.petclinic.owner.Pet,org.springframework.validation.BindingResult,org.springframework.samples.petclinic.owner.Owner,org.springframework.ui.ModelMap)
2017-01-31 15:48:07.581  INFO 9262 --- [           main] o.s.w.s.handler.SimpleUrlHandlerMapping  : Mapped URL path [/webjars/**] onto handler of type [class org.springframework.web.servlet.resource.ResourceHttpRequestHandler]
2017-01-31 15:48:07.581  INFO 9262 --- [           main] o.s.w.s.handler.SimpleUrlHandlerMapping  : Mapped URL path [/**] onto handler of type [class org.springframework.web.servlet.resource.ResourceHttpRequestHandler]
2017-01-31 15:48:07.599  INFO 9262 --- [           main] o.s.w.s.handler.SimpleUrlHandlerMapping  : Mapped URL path [/**/favicon.ico] onto handler of type [class org.springframework.web.servlet.resource.ResourceHttpRequestHandler]
2017-01-31 15:48:07.670  INFO 9262 --- [           main] o.s.b.t.m.w.SpringBootMockServletContext : Initializing Spring FrameworkServlet ''
2017-01-31 15:48:07.670  INFO 9262 --- [           main] o.s.t.web.servlet.TestDispatcherServlet  : FrameworkServlet '': initialization started
2017-01-31 15:48:07.676  INFO 9262 --- [           main] o.s.t.web.servlet.TestDispatcherServlet  : FrameworkServlet '': initialization completed in 6 ms
2017-01-31 15:48:07.719  INFO 9262 --- [           main] o.s.s.p.owner.PetControllerTests         : Started PetControllerTests in 0.505 seconds (JVM running for 3.035)
Tests run: 6, Failures: 0, Errors: 0, Skipped: 0, Time elapsed: 0.628 sec - in org.springframework.samples.petclinic.owner.PetControllerTests
Running org.springframework.samples.petclinic.owner.OwnerControllerTests
2017-01-31 15:48:07.827  INFO 9262 --- [           main] .b.t.a.w.s.WebMvcTestContextBootstrapper : Neither @ContextConfiguration nor @ContextHierarchy found for test class [org.springframework.samples.petclinic.owner.OwnerControllerTests], using SpringBootContextLoader
2017-01-31 15:48:07.828  INFO 9262 --- [           main] o.s.t.c.support.AbstractContextLoader    : Could not detect default resource locations for test class [org.springframework.samples.petclinic.owner.OwnerControllerTests]: no resource found for suffixes {-context.xml, Context.groovy}.
2017-01-31 15:48:07.828  INFO 9262 --- [           main] t.c.s.AnnotationConfigContextLoaderUtils : Could not detect default configuration classes for test class [org.springframework.samples.petclinic.owner.OwnerControllerTests]: OwnerControllerTests does not declare any static, non-private, non-final, nested classes annotated with @Configuration.
2017-01-31 15:48:07.832  INFO 9262 --- [           main] .b.t.c.SpringBootTestContextBootstrapper : Found @SpringBootConfiguration org.springframework.samples.petclinic.PetClinicApplication for test class org.springframework.samples.petclinic.owner.OwnerControllerTests
2017-01-31 15:48:07.833  INFO 9262 --- [           main] .b.t.a.w.s.WebMvcTestContextBootstrapper : Loaded default TestExecutionListener class names from location [META-INF/spring.factories]: [org.springframework.boot.test.mock.mockito.MockitoTestExecutionListener, org.springframework.boot.test.mock.mockito.ResetMocksTestExecutionListener, org.springframework.boot.test.autoconfigure.restdocs.RestDocsTestExecutionListener, org.springframework.boot.test.autoconfigure.web.client.MockRestServiceServerResetTestExecutionListener, org.springframework.boot.test.autoconfigure.web.servlet.MockMvcPrintOnlyOnFailureTestExecutionListener, org.springframework.boot.test.autoconfigure.web.servlet.WebDriverTestExecutionListener, org.springframework.test.context.web.ServletTestExecutionListener, org.springframework.test.context.support.DirtiesContextBeforeModesTestExecutionListener, org.springframework.test.context.support.DependencyInjectionTestExecutionListener, org.springframework.test.context.support.DirtiesContextTestExecutionListener, org.springframework.test.context.transaction.TransactionalTestExecutionListener, org.springframework.test.context.jdbc.SqlScriptsTestExecutionListener]
2017-01-31 15:48:07.835  INFO 9262 --- [           main] .b.t.a.w.s.WebMvcTestContextBootstrapper : Using TestExecutionListeners: [org.springframework.test.context.web.ServletTestExecutionListener@499ee966, org.springframework.test.context.support.DirtiesContextBeforeModesTestExecutionListener@76f2dad9, org.springframework.boot.test.autoconfigure.SpringBootDependencyInjectionTestExecutionListener@171dc7c3, org.springframework.test.context.support.DirtiesContextTestExecutionListener@72b0a004, org.springframework.test.context.transaction.TransactionalTestExecutionListener@4cdba2ed, org.springframework.test.context.jdbc.SqlScriptsTestExecutionListener@2c1f8dbd, org.springframework.boot.test.autoconfigure.web.servlet.MockMvcPrintOnlyOnFailureTestExecutionListener@55c57422, org.springframework.boot.test.mock.mockito.ResetMocksTestExecutionListener@22825e1e, org.springframework.boot.test.mock.mockito.MockitoTestExecutionListener@335f5c69, org.springframework.boot.test.autoconfigure.restdocs.RestDocsTestExecutionListener@63fd4dda, org.springframework.boot.test.autoconfigure.web.servlet.WebDriverTestExecutionListener@1d6751e3, org.springframework.boot.test.autoconfigure.web.client.MockRestServiceServerResetTestExecutionListener@2d258eff]


              |\      _,,,--,,_
             /,`.-'`'   ._  \-;;,_
  _______ __|,4-  ) )_   .;.(__`'-'__     ___ __    _ ___ _______
 |       | '---''(_/._)-'(_\_)   |   |   |   |  |  | |   |       |
 |    _  |    ___|_     _|       |   |   |   |   |_| |   |       | __ _ _
 |   |_| |   |___  |   | |       |   |   |   |       |   |       | \ \ \ \
 |    ___|    ___| |   | |      _|   |___|   |  _    |   |      _|  \ \ \ \
 |   |   |   |___  |   | |     |_|       |   | | |   |   |     |_    ) ) ) )
 |___|   |_______| |___| |_______|_______|___|_|  |__|___|_______|  / / / /
 ==================================================================/_/_/_/

:: Built with Spring Boot :: 1.4.2.RELEASE


2017-01-31 15:48:07.860  INFO 9262 --- [           main] o.s.s.p.owner.OwnerControllerTests       : Starting OwnerControllerTests on tower with PID 9262 (started by dsyer in /home/dsyer/dev/demo/workspace/startup/petclinic)
2017-01-31 15:48:07.860  INFO 9262 --- [           main] o.s.s.p.owner.OwnerControllerTests       : The following profiles are active: production
2017-01-31 15:48:07.861  INFO 9262 --- [           main] o.s.w.c.s.GenericWebApplicationContext   : Refreshing org.springframework.web.context.support.GenericWebApplicationContext@2c30c81d: startup date [Tue Jan 31 15:48:07 GMT 2017]; root of context hierarchy
2017-01-31 15:48:08.067  INFO 9262 --- [           main] s.w.s.m.m.a.RequestMappingHandlerAdapter : Looking for @ControllerAdvice: org.springframework.web.context.support.GenericWebApplicationContext@2c30c81d: startup date [Tue Jan 31 15:48:07 GMT 2017]; root of context hierarchy
2017-01-31 15:48:08.075  INFO 9262 --- [           main] s.w.s.m.m.a.RequestMappingHandlerMapping : Mapped "{[/owners/find],methods=[GET]}" onto public java.lang.String org.springframework.samples.petclinic.owner.OwnerController.initFindForm(java.util.Map<java.lang.String, java.lang.Object>)
2017-01-31 15:48:08.075  INFO 9262 --- [           main] s.w.s.m.m.a.RequestMappingHandlerMapping : Mapped "{[/owners],methods=[GET]}" onto public java.lang.String org.springframework.samples.petclinic.owner.OwnerController.processFindForm(org.springframework.samples.petclinic.owner.Owner,org.springframework.validation.BindingResult,java.util.Map<java.lang.String, java.lang.Object>)
2017-01-31 15:48:08.075  INFO 9262 --- [           main] s.w.s.m.m.a.RequestMappingHandlerMapping : Mapped "{[/owners/{ownerId}/edit],methods=[GET]}" onto public java.lang.String org.springframework.samples.petclinic.owner.OwnerController.initUpdateOwnerForm(int,org.springframework.ui.Model)
2017-01-31 15:48:08.075  INFO 9262 --- [           main] s.w.s.m.m.a.RequestMappingHandlerMapping : Mapped "{[/owners/{ownerId}/edit],methods=[POST]}" onto public java.lang.String org.springframework.samples.petclinic.owner.OwnerController.processUpdateOwnerForm(org.springframework.samples.petclinic.owner.Owner,org.springframework.validation.BindingResult,int)
2017-01-31 15:48:08.075  INFO 9262 --- [           main] s.w.s.m.m.a.RequestMappingHandlerMapping : Mapped "{[/owners/{ownerId}]}" onto public org.springframework.web.servlet.ModelAndView org.springframework.samples.petclinic.owner.OwnerController.showOwner(int)
2017-01-31 15:48:08.076  INFO 9262 --- [           main] s.w.s.m.m.a.RequestMappingHandlerMapping : Mapped "{[/owners/new],methods=[GET]}" onto public java.lang.String org.springframework.samples.petclinic.owner.OwnerController.initCreationForm(java.util.Map<java.lang.String, java.lang.Object>)
2017-01-31 15:48:08.076  INFO 9262 --- [           main] s.w.s.m.m.a.RequestMappingHandlerMapping : Mapped "{[/owners/new],methods=[POST]}" onto public java.lang.String org.springframework.samples.petclinic.owner.OwnerController.processCreationForm(org.springframework.samples.petclinic.owner.Owner,org.springframework.validation.BindingResult)
2017-01-31 15:48:08.141  INFO 9262 --- [           main] o.s.w.s.handler.SimpleUrlHandlerMapping  : Mapped URL path [/webjars/**] onto handler of type [class org.springframework.web.servlet.resource.ResourceHttpRequestHandler]
2017-01-31 15:48:08.141  INFO 9262 --- [           main] o.s.w.s.handler.SimpleUrlHandlerMapping  : Mapped URL path [/**] onto handler of type [class org.springframework.web.servlet.resource.ResourceHttpRequestHandler]
2017-01-31 15:48:08.152  INFO 9262 --- [           main] o.s.w.s.handler.SimpleUrlHandlerMapping  : Mapped URL path [/**/favicon.ico] onto handler of type [class org.springframework.web.servlet.resource.ResourceHttpRequestHandler]
2017-01-31 15:48:08.196  INFO 9262 --- [           main] o.s.b.t.m.w.SpringBootMockServletContext : Initializing Spring FrameworkServlet ''
2017-01-31 15:48:08.197  INFO 9262 --- [           main] o.s.t.web.servlet.TestDispatcherServlet  : FrameworkServlet '': initialization started
2017-01-31 15:48:08.201  INFO 9262 --- [           main] o.s.t.web.servlet.TestDispatcherServlet  : FrameworkServlet '': initialization completed in 4 ms
2017-01-31 15:48:08.227  INFO 9262 --- [           main] o.s.s.p.owner.OwnerControllerTests       : Started OwnerControllerTests in 0.389 seconds (JVM running for 3.544)
Tests run: 11, Failures: 0, Errors: 0, Skipped: 0, Time elapsed: 0.513 sec - in org.springframework.samples.petclinic.owner.OwnerControllerTests
Running org.springframework.samples.petclinic.system.CrashControllerTests
Tests run: 1, Failures: 0, Errors: 0, Skipped: 1, Time elapsed: 0 sec - in org.springframework.samples.petclinic.system.CrashControllerTests
Running org.springframework.samples.petclinic.service.ClinicServiceTests
2017-01-31 15:48:08.340  INFO 9262 --- [           main] .b.t.c.SpringBootTestContextBootstrapper : Neither @ContextConfiguration nor @ContextHierarchy found for test class [org.springframework.samples.petclinic.service.ClinicServiceTests], using SpringBootContextLoader
2017-01-31 15:48:08.341  INFO 9262 --- [           main] o.s.t.c.support.AbstractContextLoader    : Could not detect default resource locations for test class [org.springframework.samples.petclinic.service.ClinicServiceTests]: no resource found for suffixes {-context.xml, Context.groovy}.
2017-01-31 15:48:08.341  INFO 9262 --- [           main] t.c.s.AnnotationConfigContextLoaderUtils : Could not detect default configuration classes for test class [org.springframework.samples.petclinic.service.ClinicServiceTests]: ClinicServiceTests does not declare any static, non-private, non-final, nested classes annotated with @Configuration.
2017-01-31 15:48:08.343  INFO 9262 --- [           main] .b.t.c.SpringBootTestContextBootstrapper : Found @SpringBootConfiguration org.springframework.samples.petclinic.PetClinicApplication for test class org.springframework.samples.petclinic.service.ClinicServiceTests
2017-01-31 15:48:08.344  INFO 9262 --- [           main] .b.t.c.SpringBootTestContextBootstrapper : Loaded default TestExecutionListener class names from location [META-INF/spring.factories]: [org.springframework.boot.test.mock.mockito.MockitoTestExecutionListener, org.springframework.boot.test.mock.mockito.ResetMocksTestExecutionListener, org.springframework.boot.test.autoconfigure.restdocs.RestDocsTestExecutionListener, org.springframework.boot.test.autoconfigure.web.client.MockRestServiceServerResetTestExecutionListener, org.springframework.boot.test.autoconfigure.web.servlet.MockMvcPrintOnlyOnFailureTestExecutionListener, org.springframework.boot.test.autoconfigure.web.servlet.WebDriverTestExecutionListener, org.springframework.test.context.web.ServletTestExecutionListener, org.springframework.test.context.support.DirtiesContextBeforeModesTestExecutionListener, org.springframework.test.context.support.DependencyInjectionTestExecutionListener, org.springframework.test.context.support.DirtiesContextTestExecutionListener, org.springframework.test.context.transaction.TransactionalTestExecutionListener, org.springframework.test.context.jdbc.SqlScriptsTestExecutionListener]
2017-01-31 15:48:08.345  INFO 9262 --- [           main] .b.t.c.SpringBootTestContextBootstrapper : Using TestExecutionListeners: [org.springframework.test.context.web.ServletTestExecutionListener@23b1aa9, org.springframework.test.context.support.DirtiesContextBeforeModesTestExecutionListener@54489296, org.springframework.boot.test.autoconfigure.SpringBootDependencyInjectionTestExecutionListener@4e8598d9, org.springframework.test.context.support.DirtiesContextTestExecutionListener@267ff4df, org.springframework.test.context.transaction.TransactionalTestExecutionListener@7c4b5ceb, org.springframework.test.context.jdbc.SqlScriptsTestExecutionListener@6c07add6, org.springframework.boot.test.autoconfigure.web.servlet.MockMvcPrintOnlyOnFailureTestExecutionListener@e26a3df, org.springframework.boot.test.mock.mockito.ResetMocksTestExecutionListener@57a667c8, org.springframework.boot.test.mock.mockito.MockitoTestExecutionListener@712cd5d3, org.springframework.boot.test.autoconfigure.restdocs.RestDocsTestExecutionListener@2094bf3d, org.springframework.boot.test.autoconfigure.web.servlet.WebDriverTestExecutionListener@1b17d8ab, org.springframework.boot.test.autoconfigure.web.client.MockRestServiceServerResetTestExecutionListener@7f6b7426]


              |\      _,,,--,,_
             /,`.-'`'   ._  \-;;,_
  _______ __|,4-  ) )_   .;.(__`'-'__     ___ __    _ ___ _______
 |       | '---''(_/._)-'(_\_)   |   |   |   |  |  | |   |       |
 |    _  |    ___|_     _|       |   |   |   |   |_| |   |       | __ _ _
 |   |_| |   |___  |   | |       |   |   |   |       |   |       | \ \ \ \
 |    ___|    ___| |   | |      _|   |___|   |  _    |   |      _|  \ \ \ \
 |   |   |   |___  |   | |     |_|       |   | | |   |   |     |_    ) ) ) )
 |___|   |_______| |___| |_______|_______|___|_|  |__|___|_______|  / / / /
 ==================================================================/_/_/_/

:: Built with Spring Boot :: 1.4.2.RELEASE


2017-01-31 15:48:08.364  INFO 9262 --- [           main] o.s.s.p.service.ClinicServiceTests       : Starting ClinicServiceTests on tower with PID 9262 (started by dsyer in /home/dsyer/dev/demo/workspace/startup/petclinic)
2017-01-31 15:48:08.364  INFO 9262 --- [           main] o.s.s.p.service.ClinicServiceTests       : The following profiles are active: production
2017-01-31 15:48:08.365  INFO 9262 --- [           main] s.c.a.AnnotationConfigApplicationContext : Refreshing org.springframework.context.annotation.AnnotationConfigApplicationContext@5d66ae3a: startup date [Tue Jan 31 15:48:08 GMT 2017]; root of context hierarchy
2017-01-31 15:48:08.464  INFO 9262 --- [           main] beddedDataSourceBeanFactoryPostProcessor : Replacing 'dataSource' DataSource bean with embedded version
2017-01-31 15:48:08.464  INFO 9262 --- [           main] o.s.b.f.s.DefaultListableBeanFactory     : Overriding bean definition for bean 'dataSource' with a different definition: replacing [Root bean: class [null]; scope=; abstract=false; lazyInit=false; autowireMode=3; dependencyCheck=0; autowireCandidate=true; primary=false; factoryBeanName=org.springframework.boot.autoconfigure.jdbc.DataSourceConfiguration$Tomcat; factoryMethodName=dataSource; initMethodName=null; destroyMethodName=(inferred); defined in class path resource [org/springframework/boot/autoconfigure/jdbc/DataSourceConfiguration$Tomcat.class]] with [Root bean: class [org.springframework.boot.test.autoconfigure.orm.jpa.TestDatabaseAutoConfiguration$EmbeddedDataSourceFactoryBean]; scope=; abstract=false; lazyInit=false; autowireMode=0; dependencyCheck=0; autowireCandidate=true; primary=false; factoryBeanName=null; factoryMethodName=null; initMethodName=null; destroyMethodName=null]
2017-01-31 15:48:08.464  WARN 9262 --- [           main] o.s.c.a.ConfigurationClassPostProcessor  : Cannot enhance @Configuration bean definition 'embeddedDataSourceBeanFactoryPostProcessor' since its singleton instance has been created too early. The typical cause is a non-static @Bean method with a BeanDefinitionRegistryPostProcessor return type: Consider declaring such methods as 'static'.
2017-01-31 15:48:08.632  INFO 9262 --- [           main] o.s.j.d.e.EmbeddedDatabaseFactory        : Starting embedded database: url='jdbc:hsqldb:mem:testdb', username='sa'
2017-01-31 15:48:08.927  INFO 9262 --- [           main] o.s.jdbc.datasource.init.ScriptUtils     : Executing SQL script from URL [file:/home/dsyer/dev/demo/workspace/startup/petclinic/target/classes/db/hsqldb/schema.sql]
2017-01-31 15:48:08.935  INFO 9262 --- [           main] o.s.jdbc.datasource.init.ScriptUtils     : Executed SQL script from URL [file:/home/dsyer/dev/demo/workspace/startup/petclinic/target/classes/db/hsqldb/schema.sql] in 8 ms.
2017-01-31 15:48:08.936  INFO 9262 --- [           main] o.s.jdbc.datasource.init.ScriptUtils     : Executing SQL script from URL [file:/home/dsyer/dev/demo/workspace/startup/petclinic/target/classes/db/hsqldb/data.sql]
2017-01-31 15:48:08.944  INFO 9262 --- [           main] o.s.jdbc.datasource.init.ScriptUtils     : Executed SQL script from URL [file:/home/dsyer/dev/demo/workspace/startup/petclinic/target/classes/db/hsqldb/data.sql] in 8 ms.
2017-01-31 15:48:09.001  INFO 9262 --- [           main] j.LocalContainerEntityManagerFactoryBean : Building JPA container EntityManagerFactory for persistence unit 'default'
2017-01-31 15:48:09.017  INFO 9262 --- [           main] o.hibernate.jpa.internal.util.LogHelper  : HHH000204: Processing PersistenceUnitInfo [
	name: default
	...]
2017-01-31 15:48:09.075  INFO 9262 --- [           main] org.hibernate.Version                    : HHH000412: Hibernate Core {5.0.11.Final}
2017-01-31 15:48:09.076  INFO 9262 --- [           main] org.hibernate.cfg.Environment            : HHH000206: hibernate.properties not found
2017-01-31 15:48:09.077  INFO 9262 --- [           main] org.hibernate.cfg.Environment            : HHH000021: Bytecode provider name : javassist
2017-01-31 15:48:09.109  INFO 9262 --- [           main] o.hibernate.annotations.common.Version   : HCANN000001: Hibernate Commons Annotations {5.0.1.Final}
2017-01-31 15:48:09.203  INFO 9262 --- [           main] org.hibernate.dialect.Dialect            : HHH000400: Using dialect: org.hibernate.dialect.HSQLDialect
2017-01-31 15:48:09.631  INFO 9262 --- [           main] j.LocalContainerEntityManagerFactoryBean : Initialized JPA EntityManagerFactory for persistence unit 'default'
2017-01-31 15:48:09.849  INFO 9262 --- [           main] o.h.h.i.QueryTranslatorFactoryInitiator  : HHH000397: Using ASTQueryTranslatorFactory
2017-01-31 15:48:10.006  INFO 9262 --- [           main] o.s.s.p.service.ClinicServiceTests       : Started ClinicServiceTests in 1.659 seconds (JVM running for 5.322)
2017-01-31 15:48:10.031  INFO 9262 --- [           main] o.s.t.c.transaction.TransactionContext   : Began transaction (1) for test context [DefaultTestContext@6a0ee80 testClass = ClinicServiceTests, testInstance = org.springframework.samples.petclinic.service.ClinicServiceTests@71de1091, testMethod = shouldFindVets@ClinicServiceTests, testException = [null], mergedContextConfiguration = [MergedContextConfiguration@182fd26b testClass = ClinicServiceTests, locations = '{}', classes = '{class org.springframework.samples.petclinic.PetClinicApplication}', contextInitializerClasses = '[]', activeProfiles = '{}', propertySourceLocations = '{}', propertySourceProperties = '{org.springframework.boot.test.context.SpringBootTestContextBootstrapper=true}', contextCustomizers = set[org.springframework.boot.test.context.ImportsContextCustomizer@d5b94c1b, org.springframework.boot.test.context.filter.ExcludeFilterContextCustomizer@6eceb130, org.springframework.boot.test.mock.mockito.MockitoContextCustomizer@0, org.springframework.boot.test.autoconfigure.OverrideAutoConfigurationContextCustomizerFactory$DisableAutoConfigurationContextCustomizer@4ae82894, org.springframework.boot.test.autoconfigure.filter.TypeExcludeFiltersContextCustomizer@7c7a06ec, org.springframework.boot.test.autoconfigure.properties.PropertyMappingContextCustomizer@42f62f6c, org.springframework.boot.test.autoconfigure.web.servlet.WebDriverContextCustomizerFactory$Customizer@57f23557], contextLoader = 'org.springframework.boot.test.context.SpringBootContextLoader', parent = [null]]]; transaction manager [org.springframework.orm.jpa.JpaTransactionManager@52c6e959]; rollback [true]
Hibernate: select vet0_.id as id1_5_, vet0_.first_name as first_na2_5_, vet0_.last_name as last_nam3_5_ from vets vet0_
Hibernate: select specialtie0_.vet_id as vet_id1_4_0_, specialtie0_.specialty_id as specialt2_4_0_, specialty1_.id as id1_2_1_, specialty1_.name as name2_2_1_ from vet_specialties specialtie0_ inner join specialties specialty1_ on specialtie0_.specialty_id=specialty1_.id where specialtie0_.vet_id=?
Hibernate: select specialtie0_.vet_id as vet_id1_4_0_, specialtie0_.specialty_id as specialt2_4_0_, specialty1_.id as id1_2_1_, specialty1_.name as name2_2_1_ from vet_specialties specialtie0_ inner join specialties specialty1_ on specialtie0_.specialty_id=specialty1_.id where specialtie0_.vet_id=?
Hibernate: select specialtie0_.vet_id as vet_id1_4_0_, specialtie0_.specialty_id as specialt2_4_0_, specialty1_.id as id1_2_1_, specialty1_.name as name2_2_1_ from vet_specialties specialtie0_ inner join specialties specialty1_ on specialtie0_.specialty_id=specialty1_.id where specialtie0_.vet_id=?
Hibernate: select specialtie0_.vet_id as vet_id1_4_0_, specialtie0_.specialty_id as specialt2_4_0_, specialty1_.id as id1_2_1_, specialty1_.name as name2_2_1_ from vet_specialties specialtie0_ inner join specialties specialty1_ on specialtie0_.specialty_id=specialty1_.id where specialtie0_.vet_id=?
Hibernate: select specialtie0_.vet_id as vet_id1_4_0_, specialtie0_.specialty_id as specialt2_4_0_, specialty1_.id as id1_2_1_, specialty1_.name as name2_2_1_ from vet_specialties specialtie0_ inner join specialties specialty1_ on specialtie0_.specialty_id=specialty1_.id where specialtie0_.vet_id=?
Hibernate: select specialtie0_.vet_id as vet_id1_4_0_, specialtie0_.specialty_id as specialt2_4_0_, specialty1_.id as id1_2_1_, specialty1_.name as name2_2_1_ from vet_specialties specialtie0_ inner join specialties specialty1_ on specialtie0_.specialty_id=specialty1_.id where specialtie0_.vet_id=?
2017-01-31 15:48:10.094  INFO 9262 --- [           main] o.s.t.c.transaction.TransactionContext   : Rolled back transaction for test context [DefaultTestContext@6a0ee80 testClass = ClinicServiceTests, testInstance = org.springframework.samples.petclinic.service.ClinicServiceTests@71de1091, testMethod = shouldFindVets@ClinicServiceTests, testException = [null], mergedContextConfiguration = [MergedContextConfiguration@182fd26b testClass = ClinicServiceTests, locations = '{}', classes = '{class org.springframework.samples.petclinic.PetClinicApplication}', contextInitializerClasses = '[]', activeProfiles = '{}', propertySourceLocations = '{}', propertySourceProperties = '{org.springframework.boot.test.context.SpringBootTestContextBootstrapper=true}', contextCustomizers = set[org.springframework.boot.test.context.ImportsContextCustomizer@d5b94c1b, org.springframework.boot.test.context.filter.ExcludeFilterContextCustomizer@6eceb130, org.springframework.boot.test.mock.mockito.MockitoContextCustomizer@0, org.springframework.boot.test.autoconfigure.OverrideAutoConfigurationContextCustomizerFactory$DisableAutoConfigurationContextCustomizer@4ae82894, org.springframework.boot.test.autoconfigure.filter.TypeExcludeFiltersContextCustomizer@7c7a06ec, org.springframework.boot.test.autoconfigure.properties.PropertyMappingContextCustomizer@42f62f6c, org.springframework.boot.test.autoconfigure.web.servlet.WebDriverContextCustomizerFactory$Customizer@57f23557], contextLoader = 'org.springframework.boot.test.context.SpringBootContextLoader', parent = [null]]].
2017-01-31 15:48:10.095  INFO 9262 --- [           main] o.s.t.c.transaction.TransactionContext   : Began transaction (1) for test context [DefaultTestContext@6a0ee80 testClass = ClinicServiceTests, testInstance = org.springframework.samples.petclinic.service.ClinicServiceTests@261609a7, testMethod = shouldFindOwnersByLastName@ClinicServiceTests, testException = [null], mergedContextConfiguration = [MergedContextConfiguration@182fd26b testClass = ClinicServiceTests, locations = '{}', classes = '{class org.springframework.samples.petclinic.PetClinicApplication}', contextInitializerClasses = '[]', activeProfiles = '{}', propertySourceLocations = '{}', propertySourceProperties = '{org.springframework.boot.test.context.SpringBootTestContextBootstrapper=true}', contextCustomizers = set[org.springframework.boot.test.context.ImportsContextCustomizer@d5b94c1b, org.springframework.boot.test.context.filter.ExcludeFilterContextCustomizer@6eceb130, org.springframework.boot.test.mock.mockito.MockitoContextCustomizer@0, org.springframework.boot.test.autoconfigure.OverrideAutoConfigurationContextCustomizerFactory$DisableAutoConfigurationContextCustomizer@4ae82894, org.springframework.boot.test.autoconfigure.filter.TypeExcludeFiltersContextCustomizer@7c7a06ec, org.springframework.boot.test.autoconfigure.properties.PropertyMappingContextCustomizer@42f62f6c, org.springframework.boot.test.autoconfigure.web.servlet.WebDriverContextCustomizerFactory$Customizer@57f23557], contextLoader = 'org.springframework.boot.test.context.SpringBootContextLoader', parent = [null]]]; transaction manager [org.springframework.orm.jpa.JpaTransactionManager@52c6e959]; rollback [true]
Hibernate: select distinct owner0_.id as id1_0_0_, pets1_.id as id1_1_1_, owner0_.first_name as first_na2_0_0_, owner0_.last_name as last_nam3_0_0_, owner0_.address as address4_0_0_, owner0_.city as city5_0_0_, owner0_.telephone as telephon6_0_0_, pets1_.name as name2_1_1_, pets1_.birth_date as birth_da3_1_1_, pets1_.owner_id as owner_id4_1_1_, pets1_.type_id as type_id5_1_1_, pets1_.owner_id as owner_id4_1_0__, pets1_.id as id1_1_0__ from owners owner0_ left outer join pets pets1_ on owner0_.id=pets1_.owner_id where owner0_.last_name like ?
Hibernate: select pettype0_.id as id1_3_0_, pettype0_.name as name2_3_0_ from types pettype0_ where pettype0_.id=?
Hibernate: select pettype0_.id as id1_3_0_, pettype0_.name as name2_3_0_ from types pettype0_ where pettype0_.id=?
Hibernate: select visits0_.pet_id as pet_id4_6_0_, visits0_.id as id1_6_0_, visits0_.id as id1_6_1_, visits0_.visit_date as visit_da2_6_1_, visits0_.description as descript3_6_1_, visits0_.pet_id as pet_id4_6_1_ from visits visits0_ where visits0_.pet_id=?
Hibernate: select visits0_.pet_id as pet_id4_6_0_, visits0_.id as id1_6_0_, visits0_.id as id1_6_1_, visits0_.visit_date as visit_da2_6_1_, visits0_.description as descript3_6_1_, visits0_.pet_id as pet_id4_6_1_ from visits visits0_ where visits0_.pet_id=?
Hibernate: select distinct owner0_.id as id1_0_0_, pets1_.id as id1_1_1_, owner0_.first_name as first_na2_0_0_, owner0_.last_name as last_nam3_0_0_, owner0_.address as address4_0_0_, owner0_.city as city5_0_0_, owner0_.telephone as telephon6_0_0_, pets1_.name as name2_1_1_, pets1_.birth_date as birth_da3_1_1_, pets1_.owner_id as owner_id4_1_1_, pets1_.type_id as type_id5_1_1_, pets1_.owner_id as owner_id4_1_0__, pets1_.id as id1_1_0__ from owners owner0_ left outer join pets pets1_ on owner0_.id=pets1_.owner_id where owner0_.last_name like ?
2017-01-31 15:48:10.117  INFO 9262 --- [           main] o.s.t.c.transaction.TransactionContext   : Rolled back transaction for test context [DefaultTestContext@6a0ee80 testClass = ClinicServiceTests, testInstance = org.springframework.samples.petclinic.service.ClinicServiceTests@261609a7, testMethod = shouldFindOwnersByLastName@ClinicServiceTests, testException = [null], mergedContextConfiguration = [MergedContextConfiguration@182fd26b testClass = ClinicServiceTests, locations = '{}', classes = '{class org.springframework.samples.petclinic.PetClinicApplication}', contextInitializerClasses = '[]', activeProfiles = '{}', propertySourceLocations = '{}', propertySourceProperties = '{org.springframework.boot.test.context.SpringBootTestContextBootstrapper=true}', contextCustomizers = set[org.springframework.boot.test.context.ImportsContextCustomizer@d5b94c1b, org.springframework.boot.test.context.filter.ExcludeFilterContextCustomizer@6eceb130, org.springframework.boot.test.mock.mockito.MockitoContextCustomizer@0, org.springframework.boot.test.autoconfigure.OverrideAutoConfigurationContextCustomizerFactory$DisableAutoConfigurationContextCustomizer@4ae82894, org.springframework.boot.test.autoconfigure.filter.TypeExcludeFiltersContextCustomizer@7c7a06ec, org.springframework.boot.test.autoconfigure.properties.PropertyMappingContextCustomizer@42f62f6c, org.springframework.boot.test.autoconfigure.web.servlet.WebDriverContextCustomizerFactory$Customizer@57f23557], contextLoader = 'org.springframework.boot.test.context.SpringBootContextLoader', parent = [null]]].
2017-01-31 15:48:10.119  INFO 9262 --- [           main] o.s.t.c.transaction.TransactionContext   : Began transaction (1) for test context [DefaultTestContext@6a0ee80 testClass = ClinicServiceTests, testInstance = org.springframework.samples.petclinic.service.ClinicServiceTests@29d33f1, testMethod = shouldAddNewVisitForPet@ClinicServiceTests, testException = [null], mergedContextConfiguration = [MergedContextConfiguration@182fd26b testClass = ClinicServiceTests, locations = '{}', classes = '{class org.springframework.samples.petclinic.PetClinicApplication}', contextInitializerClasses = '[]', activeProfiles = '{}', propertySourceLocations = '{}', propertySourceProperties = '{org.springframework.boot.test.context.SpringBootTestContextBootstrapper=true}', contextCustomizers = set[org.springframework.boot.test.context.ImportsContextCustomizer@d5b94c1b, org.springframework.boot.test.context.filter.ExcludeFilterContextCustomizer@6eceb130, org.springframework.boot.test.mock.mockito.MockitoContextCustomizer@0, org.springframework.boot.test.autoconfigure.OverrideAutoConfigurationContextCustomizerFactory$DisableAutoConfigurationContextCustomizer@4ae82894, org.springframework.boot.test.autoconfigure.filter.TypeExcludeFiltersContextCustomizer@7c7a06ec, org.springframework.boot.test.autoconfigure.properties.PropertyMappingContextCustomizer@42f62f6c, org.springframework.boot.test.autoconfigure.web.servlet.WebDriverContextCustomizerFactory$Customizer@57f23557], contextLoader = 'org.springframework.boot.test.context.SpringBootContextLoader', parent = [null]]]; transaction manager [org.springframework.orm.jpa.JpaTransactionManager@52c6e959]; rollback [true]
Hibernate: select pet0_.id as id1_1_, pet0_.name as name2_1_, pet0_.birth_date as birth_da3_1_, pet0_.owner_id as owner_id4_1_, pet0_.type_id as type_id5_1_ from pets pet0_ where pet0_.id=?
Hibernate: select owner0_.id as id1_0_0_, owner0_.first_name as first_na2_0_0_, owner0_.last_name as last_nam3_0_0_, owner0_.address as address4_0_0_, owner0_.city as city5_0_0_, owner0_.telephone as telephon6_0_0_ from owners owner0_ where owner0_.id=?
Hibernate: select pettype0_.id as id1_3_0_, pettype0_.name as name2_3_0_ from types pettype0_ where pettype0_.id=?
Hibernate: select visits0_.pet_id as pet_id4_6_0_, visits0_.id as id1_6_0_, visits0_.id as id1_6_1_, visits0_.visit_date as visit_da2_6_1_, visits0_.description as descript3_6_1_, visits0_.pet_id as pet_id4_6_1_ from visits visits0_ where visits0_.pet_id=?
Hibernate: insert into visits (id, visit_date, description, pet_id) values (default, ?, ?, ?)
Hibernate: select pet0_.id as id1_1_, pet0_.name as name2_1_, pet0_.birth_date as birth_da3_1_, pet0_.owner_id as owner_id4_1_, pet0_.type_id as type_id5_1_ from pets pet0_ where pet0_.id=?
2017-01-31 15:48:10.145  INFO 9262 --- [           main] o.s.t.c.transaction.TransactionContext   : Rolled back transaction for test context [DefaultTestContext@6a0ee80 testClass = ClinicServiceTests, testInstance = org.springframework.samples.petclinic.service.ClinicServiceTests@29d33f1, testMethod = shouldAddNewVisitForPet@ClinicServiceTests, testException = [null], mergedContextConfiguration = [MergedContextConfiguration@182fd26b testClass = ClinicServiceTests, locations = '{}', classes = '{class org.springframework.samples.petclinic.PetClinicApplication}', contextInitializerClasses = '[]', activeProfiles = '{}', propertySourceLocations = '{}', propertySourceProperties = '{org.springframework.boot.test.context.SpringBootTestContextBootstrapper=true}', contextCustomizers = set[org.springframework.boot.test.context.ImportsContextCustomizer@d5b94c1b, org.springframework.boot.test.context.filter.ExcludeFilterContextCustomizer@6eceb130, org.springframework.boot.test.mock.mockito.MockitoContextCustomizer@0, org.springframework.boot.test.autoconfigure.OverrideAutoConfigurationContextCustomizerFactory$DisableAutoConfigurationContextCustomizer@4ae82894, org.springframework.boot.test.autoconfigure.filter.TypeExcludeFiltersContextCustomizer@7c7a06ec, org.springframework.boot.test.autoconfigure.properties.PropertyMappingContextCustomizer@42f62f6c, org.springframework.boot.test.autoconfigure.web.servlet.WebDriverContextCustomizerFactory$Customizer@57f23557], contextLoader = 'org.springframework.boot.test.context.SpringBootContextLoader', parent = [null]]].
2017-01-31 15:48:10.147  INFO 9262 --- [           main] o.s.t.c.transaction.TransactionContext   : Began transaction (1) for test context [DefaultTestContext@6a0ee80 testClass = ClinicServiceTests, testInstance = org.springframework.samples.petclinic.service.ClinicServiceTests@58647985, testMethod = shouldUpdateOwner@ClinicServiceTests, testException = [null], mergedContextConfiguration = [MergedContextConfiguration@182fd26b testClass = ClinicServiceTests, locations = '{}', classes = '{class org.springframework.samples.petclinic.PetClinicApplication}', contextInitializerClasses = '[]', activeProfiles = '{}', propertySourceLocations = '{}', propertySourceProperties = '{org.springframework.boot.test.context.SpringBootTestContextBootstrapper=true}', contextCustomizers = set[org.springframework.boot.test.context.ImportsContextCustomizer@d5b94c1b, org.springframework.boot.test.context.filter.ExcludeFilterContextCustomizer@6eceb130, org.springframework.boot.test.mock.mockito.MockitoContextCustomizer@0, org.springframework.boot.test.autoconfigure.OverrideAutoConfigurationContextCustomizerFactory$DisableAutoConfigurationContextCustomizer@4ae82894, org.springframework.boot.test.autoconfigure.filter.TypeExcludeFiltersContextCustomizer@7c7a06ec, org.springframework.boot.test.autoconfigure.properties.PropertyMappingContextCustomizer@42f62f6c, org.springframework.boot.test.autoconfigure.web.servlet.WebDriverContextCustomizerFactory$Customizer@57f23557], contextLoader = 'org.springframework.boot.test.context.SpringBootContextLoader', parent = [null]]]; transaction manager [org.springframework.orm.jpa.JpaTransactionManager@52c6e959]; rollback [true]
Hibernate: select owner0_.id as id1_0_0_, pets1_.id as id1_1_1_, owner0_.first_name as first_na2_0_0_, owner0_.last_name as last_nam3_0_0_, owner0_.address as address4_0_0_, owner0_.city as city5_0_0_, owner0_.telephone as telephon6_0_0_, pets1_.name as name2_1_1_, pets1_.birth_date as birth_da3_1_1_, pets1_.owner_id as owner_id4_1_1_, pets1_.type_id as type_id5_1_1_, pets1_.owner_id as owner_id4_1_0__, pets1_.id as id1_1_0__ from owners owner0_ left outer join pets pets1_ on owner0_.id=pets1_.owner_id where owner0_.id=?
Hibernate: select pettype0_.id as id1_3_0_, pettype0_.name as name2_3_0_ from types pettype0_ where pettype0_.id=?
Hibernate: select visits0_.pet_id as pet_id4_6_0_, visits0_.id as id1_6_0_, visits0_.id as id1_6_1_, visits0_.visit_date as visit_da2_6_1_, visits0_.description as descript3_6_1_, visits0_.pet_id as pet_id4_6_1_ from visits visits0_ where visits0_.pet_id=?
Hibernate: update owners set first_name=?, last_name=?, address=?, city=?, telephone=? where id=?
Hibernate: select owner0_.id as id1_0_0_, pets1_.id as id1_1_1_, owner0_.first_name as first_na2_0_0_, owner0_.last_name as last_nam3_0_0_, owner0_.address as address4_0_0_, owner0_.city as city5_0_0_, owner0_.telephone as telephon6_0_0_, pets1_.name as name2_1_1_, pets1_.birth_date as birth_da3_1_1_, pets1_.owner_id as owner_id4_1_1_, pets1_.type_id as type_id5_1_1_, pets1_.owner_id as owner_id4_1_0__, pets1_.id as id1_1_0__ from owners owner0_ left outer join pets pets1_ on owner0_.id=pets1_.owner_id where owner0_.id=?
2017-01-31 15:48:10.164  INFO 9262 --- [           main] o.s.t.c.transaction.TransactionContext   : Rolled back transaction for test context [DefaultTestContext@6a0ee80 testClass = ClinicServiceTests, testInstance = org.springframework.samples.petclinic.service.ClinicServiceTests@58647985, testMethod = shouldUpdateOwner@ClinicServiceTests, testException = [null], mergedContextConfiguration = [MergedContextConfiguration@182fd26b testClass = ClinicServiceTests, locations = '{}', classes = '{class org.springframework.samples.petclinic.PetClinicApplication}', contextInitializerClasses = '[]', activeProfiles = '{}', propertySourceLocations = '{}', propertySourceProperties = '{org.springframework.boot.test.context.SpringBootTestContextBootstrapper=true}', contextCustomizers = set[org.springframework.boot.test.context.ImportsContextCustomizer@d5b94c1b, org.springframework.boot.test.context.filter.ExcludeFilterContextCustomizer@6eceb130, org.springframework.boot.test.mock.mockito.MockitoContextCustomizer@0, org.springframework.boot.test.autoconfigure.OverrideAutoConfigurationContextCustomizerFactory$DisableAutoConfigurationContextCustomizer@4ae82894, org.springframework.boot.test.autoconfigure.filter.TypeExcludeFiltersContextCustomizer@7c7a06ec, org.springframework.boot.test.autoconfigure.properties.PropertyMappingContextCustomizer@42f62f6c, org.springframework.boot.test.autoconfigure.web.servlet.WebDriverContextCustomizerFactory$Customizer@57f23557], contextLoader = 'org.springframework.boot.test.context.SpringBootContextLoader', parent = [null]]].
2017-01-31 15:48:10.166  INFO 9262 --- [           main] o.s.t.c.transaction.TransactionContext   : Began transaction (1) for test context [DefaultTestContext@6a0ee80 testClass = ClinicServiceTests, testInstance = org.springframework.samples.petclinic.service.ClinicServiceTests@7d15c513, testMethod = shouldFindVisitsByPetId@ClinicServiceTests, testException = [null], mergedContextConfiguration = [MergedContextConfiguration@182fd26b testClass = ClinicServiceTests, locations = '{}', classes = '{class org.springframework.samples.petclinic.PetClinicApplication}', contextInitializerClasses = '[]', activeProfiles = '{}', propertySourceLocations = '{}', propertySourceProperties = '{org.springframework.boot.test.context.SpringBootTestContextBootstrapper=true}', contextCustomizers = set[org.springframework.boot.test.context.ImportsContextCustomizer@d5b94c1b, org.springframework.boot.test.context.filter.ExcludeFilterContextCustomizer@6eceb130, org.springframework.boot.test.mock.mockito.MockitoContextCustomizer@0, org.springframework.boot.test.autoconfigure.OverrideAutoConfigurationContextCustomizerFactory$DisableAutoConfigurationContextCustomizer@4ae82894, org.springframework.boot.test.autoconfigure.filter.TypeExcludeFiltersContextCustomizer@7c7a06ec, org.springframework.boot.test.autoconfigure.properties.PropertyMappingContextCustomizer@42f62f6c, org.springframework.boot.test.autoconfigure.web.servlet.WebDriverContextCustomizerFactory$Customizer@57f23557], contextLoader = 'org.springframework.boot.test.context.SpringBootContextLoader', parent = [null]]]; transaction manager [org.springframework.orm.jpa.JpaTransactionManager@52c6e959]; rollback [true]
Hibernate: select visit0_.id as id1_6_, visit0_.visit_date as visit_da2_6_, visit0_.description as descript3_6_, visit0_.pet_id as pet_id4_6_ from visits visit0_ where visit0_.pet_id=?
2017-01-31 15:48:10.174  INFO 9262 --- [           main] o.s.t.c.transaction.TransactionContext   : Rolled back transaction for test context [DefaultTestContext@6a0ee80 testClass = ClinicServiceTests, testInstance = org.springframework.samples.petclinic.service.ClinicServiceTests@7d15c513, testMethod = shouldFindVisitsByPetId@ClinicServiceTests, testException = [null], mergedContextConfiguration = [MergedContextConfiguration@182fd26b testClass = ClinicServiceTests, locations = '{}', classes = '{class org.springframework.samples.petclinic.PetClinicApplication}', contextInitializerClasses = '[]', activeProfiles = '{}', propertySourceLocations = '{}', propertySourceProperties = '{org.springframework.boot.test.context.SpringBootTestContextBootstrapper=true}', contextCustomizers = set[org.springframework.boot.test.context.ImportsContextCustomizer@d5b94c1b, org.springframework.boot.test.context.filter.ExcludeFilterContextCustomizer@6eceb130, org.springframework.boot.test.mock.mockito.MockitoContextCustomizer@0, org.springframework.boot.test.autoconfigure.OverrideAutoConfigurationContextCustomizerFactory$DisableAutoConfigurationContextCustomizer@4ae82894, org.springframework.boot.test.autoconfigure.filter.TypeExcludeFiltersContextCustomizer@7c7a06ec, org.springframework.boot.test.autoconfigure.properties.PropertyMappingContextCustomizer@42f62f6c, org.springframework.boot.test.autoconfigure.web.servlet.WebDriverContextCustomizerFactory$Customizer@57f23557], contextLoader = 'org.springframework.boot.test.context.SpringBootContextLoader', parent = [null]]].
2017-01-31 15:48:10.176  INFO 9262 --- [           main] o.s.t.c.transaction.TransactionContext   : Began transaction (1) for test context [DefaultTestContext@6a0ee80 testClass = ClinicServiceTests, testInstance = org.springframework.samples.petclinic.service.ClinicServiceTests@571e2f15, testMethod = shouldInsertPetIntoDatabaseAndGenerateId@ClinicServiceTests, testException = [null], mergedContextConfiguration = [MergedContextConfiguration@182fd26b testClass = ClinicServiceTests, locations = '{}', classes = '{class org.springframework.samples.petclinic.PetClinicApplication}', contextInitializerClasses = '[]', activeProfiles = '{}', propertySourceLocations = '{}', propertySourceProperties = '{org.springframework.boot.test.context.SpringBootTestContextBootstrapper=true}', contextCustomizers = set[org.springframework.boot.test.context.ImportsContextCustomizer@d5b94c1b, org.springframework.boot.test.context.filter.ExcludeFilterContextCustomizer@6eceb130, org.springframework.boot.test.mock.mockito.MockitoContextCustomizer@0, org.springframework.boot.test.autoconfigure.OverrideAutoConfigurationContextCustomizerFactory$DisableAutoConfigurationContextCustomizer@4ae82894, org.springframework.boot.test.autoconfigure.filter.TypeExcludeFiltersContextCustomizer@7c7a06ec, org.springframework.boot.test.autoconfigure.properties.PropertyMappingContextCustomizer@42f62f6c, org.springframework.boot.test.autoconfigure.web.servlet.WebDriverContextCustomizerFactory$Customizer@57f23557], contextLoader = 'org.springframework.boot.test.context.SpringBootContextLoader', parent = [null]]]; transaction manager [org.springframework.orm.jpa.JpaTransactionManager@52c6e959]; rollback [true]
Hibernate: select owner0_.id as id1_0_0_, pets1_.id as id1_1_1_, owner0_.first_name as first_na2_0_0_, owner0_.last_name as last_nam3_0_0_, owner0_.address as address4_0_0_, owner0_.city as city5_0_0_, owner0_.telephone as telephon6_0_0_, pets1_.name as name2_1_1_, pets1_.birth_date as birth_da3_1_1_, pets1_.owner_id as owner_id4_1_1_, pets1_.type_id as type_id5_1_1_, pets1_.owner_id as owner_id4_1_0__, pets1_.id as id1_1_0__ from owners owner0_ left outer join pets pets1_ on owner0_.id=pets1_.owner_id where owner0_.id=?
Hibernate: select pettype0_.id as id1_3_0_, pettype0_.name as name2_3_0_ from types pettype0_ where pettype0_.id=?
Hibernate: select visits0_.pet_id as pet_id4_6_0_, visits0_.id as id1_6_0_, visits0_.id as id1_6_1_, visits0_.visit_date as visit_da2_6_1_, visits0_.description as descript3_6_1_, visits0_.pet_id as pet_id4_6_1_ from visits visits0_ where visits0_.pet_id=?
Hibernate: select visits0_.pet_id as pet_id4_6_0_, visits0_.id as id1_6_0_, visits0_.id as id1_6_1_, visits0_.visit_date as visit_da2_6_1_, visits0_.description as descript3_6_1_, visits0_.pet_id as pet_id4_6_1_ from visits visits0_ where visits0_.pet_id=?
Hibernate: select pettype0_.id as id1_3_, pettype0_.name as name2_3_ from types pettype0_ order by pettype0_.name
Hibernate: insert into pets (id, name, birth_date, owner_id, type_id) values (default, ?, ?, ?, ?)
Hibernate: select owner0_.id as id1_0_0_, pets1_.id as id1_1_1_, owner0_.first_name as first_na2_0_0_, owner0_.last_name as last_nam3_0_0_, owner0_.address as address4_0_0_, owner0_.city as city5_0_0_, owner0_.telephone as telephon6_0_0_, pets1_.name as name2_1_1_, pets1_.birth_date as birth_da3_1_1_, pets1_.owner_id as owner_id4_1_1_, pets1_.type_id as type_id5_1_1_, pets1_.owner_id as owner_id4_1_0__, pets1_.id as id1_1_0__ from owners owner0_ left outer join pets pets1_ on owner0_.id=pets1_.owner_id where owner0_.id=?
2017-01-31 15:48:10.188  INFO 9262 --- [           main] o.s.t.c.transaction.TransactionContext   : Rolled back transaction for test context [DefaultTestContext@6a0ee80 testClass = ClinicServiceTests, testInstance = org.springframework.samples.petclinic.service.ClinicServiceTests@571e2f15, testMethod = shouldInsertPetIntoDatabaseAndGenerateId@ClinicServiceTests, testException = [null], mergedContextConfiguration = [MergedContextConfiguration@182fd26b testClass = ClinicServiceTests, locations = '{}', classes = '{class org.springframework.samples.petclinic.PetClinicApplication}', contextInitializerClasses = '[]', activeProfiles = '{}', propertySourceLocations = '{}', propertySourceProperties = '{org.springframework.boot.test.context.SpringBootTestContextBootstrapper=true}', contextCustomizers = set[org.springframework.boot.test.context.ImportsContextCustomizer@d5b94c1b, org.springframework.boot.test.context.filter.ExcludeFilterContextCustomizer@6eceb130, org.springframework.boot.test.mock.mockito.MockitoContextCustomizer@0, org.springframework.boot.test.autoconfigure.OverrideAutoConfigurationContextCustomizerFactory$DisableAutoConfigurationContextCustomizer@4ae82894, org.springframework.boot.test.autoconfigure.filter.TypeExcludeFiltersContextCustomizer@7c7a06ec, org.springframework.boot.test.autoconfigure.properties.PropertyMappingContextCustomizer@42f62f6c, org.springframework.boot.test.autoconfigure.web.servlet.WebDriverContextCustomizerFactory$Customizer@57f23557], contextLoader = 'org.springframework.boot.test.context.SpringBootContextLoader', parent = [null]]].
2017-01-31 15:48:10.190  INFO 9262 --- [           main] o.s.t.c.transaction.TransactionContext   : Began transaction (1) for test context [DefaultTestContext@6a0ee80 testClass = ClinicServiceTests, testInstance = org.springframework.samples.petclinic.service.ClinicServiceTests@59aba3c3, testMethod = shouldInsertOwner@ClinicServiceTests, testException = [null], mergedContextConfiguration = [MergedContextConfiguration@182fd26b testClass = ClinicServiceTests, locations = '{}', classes = '{class org.springframework.samples.petclinic.PetClinicApplication}', contextInitializerClasses = '[]', activeProfiles = '{}', propertySourceLocations = '{}', propertySourceProperties = '{org.springframework.boot.test.context.SpringBootTestContextBootstrapper=true}', contextCustomizers = set[org.springframework.boot.test.context.ImportsContextCustomizer@d5b94c1b, org.springframework.boot.test.context.filter.ExcludeFilterContextCustomizer@6eceb130, org.springframework.boot.test.mock.mockito.MockitoContextCustomizer@0, org.springframework.boot.test.autoconfigure.OverrideAutoConfigurationContextCustomizerFactory$DisableAutoConfigurationContextCustomizer@4ae82894, org.springframework.boot.test.autoconfigure.filter.TypeExcludeFiltersContextCustomizer@7c7a06ec, org.springframework.boot.test.autoconfigure.properties.PropertyMappingContextCustomizer@42f62f6c, org.springframework.boot.test.autoconfigure.web.servlet.WebDriverContextCustomizerFactory$Customizer@57f23557], contextLoader = 'org.springframework.boot.test.context.SpringBootContextLoader', parent = [null]]]; transaction manager [org.springframework.orm.jpa.JpaTransactionManager@52c6e959]; rollback [true]
Hibernate: select distinct owner0_.id as id1_0_0_, pets1_.id as id1_1_1_, owner0_.first_name as first_na2_0_0_, owner0_.last_name as last_nam3_0_0_, owner0_.address as address4_0_0_, owner0_.city as city5_0_0_, owner0_.telephone as telephon6_0_0_, pets1_.name as name2_1_1_, pets1_.birth_date as birth_da3_1_1_, pets1_.owner_id as owner_id4_1_1_, pets1_.type_id as type_id5_1_1_, pets1_.owner_id as owner_id4_1_0__, pets1_.id as id1_1_0__ from owners owner0_ left outer join pets pets1_ on owner0_.id=pets1_.owner_id where owner0_.last_name like ?
Hibernate: insert into owners (id, first_name, last_name, address, city, telephone) values (default, ?, ?, ?, ?, ?)
Hibernate: select distinct owner0_.id as id1_0_0_, pets1_.id as id1_1_1_, owner0_.first_name as first_na2_0_0_, owner0_.last_name as last_nam3_0_0_, owner0_.address as address4_0_0_, owner0_.city as city5_0_0_, owner0_.telephone as telephon6_0_0_, pets1_.name as name2_1_1_, pets1_.birth_date as birth_da3_1_1_, pets1_.owner_id as owner_id4_1_1_, pets1_.type_id as type_id5_1_1_, pets1_.owner_id as owner_id4_1_0__, pets1_.id as id1_1_0__ from owners owner0_ left outer join pets pets1_ on owner0_.id=pets1_.owner_id where owner0_.last_name like ?
2017-01-31 15:48:10.197  INFO 9262 --- [           main] o.s.t.c.transaction.TransactionContext   : Rolled back transaction for test context [DefaultTestContext@6a0ee80 testClass = ClinicServiceTests, testInstance = org.springframework.samples.petclinic.service.ClinicServiceTests@59aba3c3, testMethod = shouldInsertOwner@ClinicServiceTests, testException = [null], mergedContextConfiguration = [MergedContextConfiguration@182fd26b testClass = ClinicServiceTests, locations = '{}', classes = '{class org.springframework.samples.petclinic.PetClinicApplication}', contextInitializerClasses = '[]', activeProfiles = '{}', propertySourceLocations = '{}', propertySourceProperties = '{org.springframework.boot.test.context.SpringBootTestContextBootstrapper=true}', contextCustomizers = set[org.springframework.boot.test.context.ImportsContextCustomizer@d5b94c1b, org.springframework.boot.test.context.filter.ExcludeFilterContextCustomizer@6eceb130, org.springframework.boot.test.mock.mockito.MockitoContextCustomizer@0, org.springframework.boot.test.autoconfigure.OverrideAutoConfigurationContextCustomizerFactory$DisableAutoConfigurationContextCustomizer@4ae82894, org.springframework.boot.test.autoconfigure.filter.TypeExcludeFiltersContextCustomizer@7c7a06ec, org.springframework.boot.test.autoconfigure.properties.PropertyMappingContextCustomizer@42f62f6c, org.springframework.boot.test.autoconfigure.web.servlet.WebDriverContextCustomizerFactory$Customizer@57f23557], contextLoader = 'org.springframework.boot.test.context.SpringBootContextLoader', parent = [null]]].
2017-01-31 15:48:10.199  INFO 9262 --- [           main] o.s.t.c.transaction.TransactionContext   : Began transaction (1) for test context [DefaultTestContext@6a0ee80 testClass = ClinicServiceTests, testInstance = org.springframework.samples.petclinic.service.ClinicServiceTests@5f26cb8b, testMethod = shouldFindSingleOwnerWithPet@ClinicServiceTests, testException = [null], mergedContextConfiguration = [MergedContextConfiguration@182fd26b testClass = ClinicServiceTests, locations = '{}', classes = '{class org.springframework.samples.petclinic.PetClinicApplication}', contextInitializerClasses = '[]', activeProfiles = '{}', propertySourceLocations = '{}', propertySourceProperties = '{org.springframework.boot.test.context.SpringBootTestContextBootstrapper=true}', contextCustomizers = set[org.springframework.boot.test.context.ImportsContextCustomizer@d5b94c1b, org.springframework.boot.test.context.filter.ExcludeFilterContextCustomizer@6eceb130, org.springframework.boot.test.mock.mockito.MockitoContextCustomizer@0, org.springframework.boot.test.autoconfigure.OverrideAutoConfigurationContextCustomizerFactory$DisableAutoConfigurationContextCustomizer@4ae82894, org.springframework.boot.test.autoconfigure.filter.TypeExcludeFiltersContextCustomizer@7c7a06ec, org.springframework.boot.test.autoconfigure.properties.PropertyMappingContextCustomizer@42f62f6c, org.springframework.boot.test.autoconfigure.web.servlet.WebDriverContextCustomizerFactory$Customizer@57f23557], contextLoader = 'org.springframework.boot.test.context.SpringBootContextLoader', parent = [null]]]; transaction manager [org.springframework.orm.jpa.JpaTransactionManager@52c6e959]; rollback [true]
Hibernate: select owner0_.id as id1_0_0_, pets1_.id as id1_1_1_, owner0_.first_name as first_na2_0_0_, owner0_.last_name as last_nam3_0_0_, owner0_.address as address4_0_0_, owner0_.city as city5_0_0_, owner0_.telephone as telephon6_0_0_, pets1_.name as name2_1_1_, pets1_.birth_date as birth_da3_1_1_, pets1_.owner_id as owner_id4_1_1_, pets1_.type_id as type_id5_1_1_, pets1_.owner_id as owner_id4_1_0__, pets1_.id as id1_1_0__ from owners owner0_ left outer join pets pets1_ on owner0_.id=pets1_.owner_id where owner0_.id=?
Hibernate: select pettype0_.id as id1_3_0_, pettype0_.name as name2_3_0_ from types pettype0_ where pettype0_.id=?
Hibernate: select visits0_.pet_id as pet_id4_6_0_, visits0_.id as id1_6_0_, visits0_.id as id1_6_1_, visits0_.visit_date as visit_da2_6_1_, visits0_.description as descript3_6_1_, visits0_.pet_id as pet_id4_6_1_ from visits visits0_ where visits0_.pet_id=?
2017-01-31 15:48:10.203  INFO 9262 --- [           main] o.s.t.c.transaction.TransactionContext   : Rolled back transaction for test context [DefaultTestContext@6a0ee80 testClass = ClinicServiceTests, testInstance = org.springframework.samples.petclinic.service.ClinicServiceTests@5f26cb8b, testMethod = shouldFindSingleOwnerWithPet@ClinicServiceTests, testException = [null], mergedContextConfiguration = [MergedContextConfiguration@182fd26b testClass = ClinicServiceTests, locations = '{}', classes = '{class org.springframework.samples.petclinic.PetClinicApplication}', contextInitializerClasses = '[]', activeProfiles = '{}', propertySourceLocations = '{}', propertySourceProperties = '{org.springframework.boot.test.context.SpringBootTestContextBootstrapper=true}', contextCustomizers = set[org.springframework.boot.test.context.ImportsContextCustomizer@d5b94c1b, org.springframework.boot.test.context.filter.ExcludeFilterContextCustomizer@6eceb130, org.springframework.boot.test.mock.mockito.MockitoContextCustomizer@0, org.springframework.boot.test.autoconfigure.OverrideAutoConfigurationContextCustomizerFactory$DisableAutoConfigurationContextCustomizer@4ae82894, org.springframework.boot.test.autoconfigure.filter.TypeExcludeFiltersContextCustomizer@7c7a06ec, org.springframework.boot.test.autoconfigure.properties.PropertyMappingContextCustomizer@42f62f6c, org.springframework.boot.test.autoconfigure.web.servlet.WebDriverContextCustomizerFactory$Customizer@57f23557], contextLoader = 'org.springframework.boot.test.context.SpringBootContextLoader', parent = [null]]].
2017-01-31 15:48:10.204  INFO 9262 --- [           main] o.s.t.c.transaction.TransactionContext   : Began transaction (1) for test context [DefaultTestContext@6a0ee80 testClass = ClinicServiceTests, testInstance = org.springframework.samples.petclinic.service.ClinicServiceTests@542beecb, testMethod = shouldUpdatePetName@ClinicServiceTests, testException = [null], mergedContextConfiguration = [MergedContextConfiguration@182fd26b testClass = ClinicServiceTests, locations = '{}', classes = '{class org.springframework.samples.petclinic.PetClinicApplication}', contextInitializerClasses = '[]', activeProfiles = '{}', propertySourceLocations = '{}', propertySourceProperties = '{org.springframework.boot.test.context.SpringBootTestContextBootstrapper=true}', contextCustomizers = set[org.springframework.boot.test.context.ImportsContextCustomizer@d5b94c1b, org.springframework.boot.test.context.filter.ExcludeFilterContextCustomizer@6eceb130, org.springframework.boot.test.mock.mockito.MockitoContextCustomizer@0, org.springframework.boot.test.autoconfigure.OverrideAutoConfigurationContextCustomizerFactory$DisableAutoConfigurationContextCustomizer@4ae82894, org.springframework.boot.test.autoconfigure.filter.TypeExcludeFiltersContextCustomizer@7c7a06ec, org.springframework.boot.test.autoconfigure.properties.PropertyMappingContextCustomizer@42f62f6c, org.springframework.boot.test.autoconfigure.web.servlet.WebDriverContextCustomizerFactory$Customizer@57f23557], contextLoader = 'org.springframework.boot.test.context.SpringBootContextLoader', parent = [null]]]; transaction manager [org.springframework.orm.jpa.JpaTransactionManager@52c6e959]; rollback [true]
Hibernate: select pet0_.id as id1_1_, pet0_.name as name2_1_, pet0_.birth_date as birth_da3_1_, pet0_.owner_id as owner_id4_1_, pet0_.type_id as type_id5_1_ from pets pet0_ where pet0_.id=?
Hibernate: select owner0_.id as id1_0_0_, owner0_.first_name as first_na2_0_0_, owner0_.last_name as last_nam3_0_0_, owner0_.address as address4_0_0_, owner0_.city as city5_0_0_, owner0_.telephone as telephon6_0_0_ from owners owner0_ where owner0_.id=?
Hibernate: select pettype0_.id as id1_3_0_, pettype0_.name as name2_3_0_ from types pettype0_ where pettype0_.id=?
Hibernate: select visits0_.pet_id as pet_id4_6_0_, visits0_.id as id1_6_0_, visits0_.id as id1_6_1_, visits0_.visit_date as visit_da2_6_1_, visits0_.description as descript3_6_1_, visits0_.pet_id as pet_id4_6_1_ from visits visits0_ where visits0_.pet_id=?
Hibernate: update pets set name=?, birth_date=?, owner_id=?, type_id=? where id=?
Hibernate: select pet0_.id as id1_1_, pet0_.name as name2_1_, pet0_.birth_date as birth_da3_1_, pet0_.owner_id as owner_id4_1_, pet0_.type_id as type_id5_1_ from pets pet0_ where pet0_.id=?
2017-01-31 15:48:10.211  INFO 9262 --- [           main] o.s.t.c.transaction.TransactionContext   : Rolled back transaction for test context [DefaultTestContext@6a0ee80 testClass = ClinicServiceTests, testInstance = org.springframework.samples.petclinic.service.ClinicServiceTests@542beecb, testMethod = shouldUpdatePetName@ClinicServiceTests, testException = [null], mergedContextConfiguration = [MergedContextConfiguration@182fd26b testClass = ClinicServiceTests, locations = '{}', classes = '{class org.springframework.samples.petclinic.PetClinicApplication}', contextInitializerClasses = '[]', activeProfiles = '{}', propertySourceLocations = '{}', propertySourceProperties = '{org.springframework.boot.test.context.SpringBootTestContextBootstrapper=true}', contextCustomizers = set[org.springframework.boot.test.context.ImportsContextCustomizer@d5b94c1b, org.springframework.boot.test.context.filter.ExcludeFilterContextCustomizer@6eceb130, org.springframework.boot.test.mock.mockito.MockitoContextCustomizer@0, org.springframework.boot.test.autoconfigure.OverrideAutoConfigurationContextCustomizerFactory$DisableAutoConfigurationContextCustomizer@4ae82894, org.springframework.boot.test.autoconfigure.filter.TypeExcludeFiltersContextCustomizer@7c7a06ec, org.springframework.boot.test.autoconfigure.properties.PropertyMappingContextCustomizer@42f62f6c, org.springframework.boot.test.autoconfigure.web.servlet.WebDriverContextCustomizerFactory$Customizer@57f23557], contextLoader = 'org.springframework.boot.test.context.SpringBootContextLoader', parent = [null]]].
2017-01-31 15:48:10.212  INFO 9262 --- [           main] o.s.t.c.transaction.TransactionContext   : Began transaction (1) for test context [DefaultTestContext@6a0ee80 testClass = ClinicServiceTests, testInstance = org.springframework.samples.petclinic.service.ClinicServiceTests@25587290, testMethod = shouldFindAllPetTypes@ClinicServiceTests, testException = [null], mergedContextConfiguration = [MergedContextConfiguration@182fd26b testClass = ClinicServiceTests, locations = '{}', classes = '{class org.springframework.samples.petclinic.PetClinicApplication}', contextInitializerClasses = '[]', activeProfiles = '{}', propertySourceLocations = '{}', propertySourceProperties = '{org.springframework.boot.test.context.SpringBootTestContextBootstrapper=true}', contextCustomizers = set[org.springframework.boot.test.context.ImportsContextCustomizer@d5b94c1b, org.springframework.boot.test.context.filter.ExcludeFilterContextCustomizer@6eceb130, org.springframework.boot.test.mock.mockito.MockitoContextCustomizer@0, org.springframework.boot.test.autoconfigure.OverrideAutoConfigurationContextCustomizerFactory$DisableAutoConfigurationContextCustomizer@4ae82894, org.springframework.boot.test.autoconfigure.filter.TypeExcludeFiltersContextCustomizer@7c7a06ec, org.springframework.boot.test.autoconfigure.properties.PropertyMappingContextCustomizer@42f62f6c, org.springframework.boot.test.autoconfigure.web.servlet.WebDriverContextCustomizerFactory$Customizer@57f23557], contextLoader = 'org.springframework.boot.test.context.SpringBootContextLoader', parent = [null]]]; transaction manager [org.springframework.orm.jpa.JpaTransactionManager@52c6e959]; rollback [true]
Hibernate: select pettype0_.id as id1_3_, pettype0_.name as name2_3_ from types pettype0_ order by pettype0_.name
2017-01-31 15:48:10.215  INFO 9262 --- [           main] o.s.t.c.transaction.TransactionContext   : Rolled back transaction for test context [DefaultTestContext@6a0ee80 testClass = ClinicServiceTests, testInstance = org.springframework.samples.petclinic.service.ClinicServiceTests@25587290, testMethod = shouldFindAllPetTypes@ClinicServiceTests, testException = [null], mergedContextConfiguration = [MergedContextConfiguration@182fd26b testClass = ClinicServiceTests, locations = '{}', classes = '{class org.springframework.samples.petclinic.PetClinicApplication}', contextInitializerClasses = '[]', activeProfiles = '{}', propertySourceLocations = '{}', propertySourceProperties = '{org.springframework.boot.test.context.SpringBootTestContextBootstrapper=true}', contextCustomizers = set[org.springframework.boot.test.context.ImportsContextCustomizer@d5b94c1b, org.springframework.boot.test.context.filter.ExcludeFilterContextCustomizer@6eceb130, org.springframework.boot.test.mock.mockito.MockitoContextCustomizer@0, org.springframework.boot.test.autoconfigure.OverrideAutoConfigurationContextCustomizerFactory$DisableAutoConfigurationContextCustomizer@4ae82894, org.springframework.boot.test.autoconfigure.filter.TypeExcludeFiltersContextCustomizer@7c7a06ec, org.springframework.boot.test.autoconfigure.properties.PropertyMappingContextCustomizer@42f62f6c, org.springframework.boot.test.autoconfigure.web.servlet.WebDriverContextCustomizerFactory$Customizer@57f23557], contextLoader = 'org.springframework.boot.test.context.SpringBootContextLoader', parent = [null]]].
2017-01-31 15:48:10.217  INFO 9262 --- [           main] o.s.t.c.transaction.TransactionContext   : Began transaction (1) for test context [DefaultTestContext@6a0ee80 testClass = ClinicServiceTests, testInstance = org.springframework.samples.petclinic.service.ClinicServiceTests@1859b996, testMethod = shouldFindPetWithCorrectId@ClinicServiceTests, testException = [null], mergedContextConfiguration = [MergedContextConfiguration@182fd26b testClass = ClinicServiceTests, locations = '{}', classes = '{class org.springframework.samples.petclinic.PetClinicApplication}', contextInitializerClasses = '[]', activeProfiles = '{}', propertySourceLocations = '{}', propertySourceProperties = '{org.springframework.boot.test.context.SpringBootTestContextBootstrapper=true}', contextCustomizers = set[org.springframework.boot.test.context.ImportsContextCustomizer@d5b94c1b, org.springframework.boot.test.context.filter.ExcludeFilterContextCustomizer@6eceb130, org.springframework.boot.test.mock.mockito.MockitoContextCustomizer@0, org.springframework.boot.test.autoconfigure.OverrideAutoConfigurationContextCustomizerFactory$DisableAutoConfigurationContextCustomizer@4ae82894, org.springframework.boot.test.autoconfigure.filter.TypeExcludeFiltersContextCustomizer@7c7a06ec, org.springframework.boot.test.autoconfigure.properties.PropertyMappingContextCustomizer@42f62f6c, org.springframework.boot.test.autoconfigure.web.servlet.WebDriverContextCustomizerFactory$Customizer@57f23557], contextLoader = 'org.springframework.boot.test.context.SpringBootContextLoader', parent = [null]]]; transaction manager [org.springframework.orm.jpa.JpaTransactionManager@52c6e959]; rollback [true]
Hibernate: select pet0_.id as id1_1_, pet0_.name as name2_1_, pet0_.birth_date as birth_da3_1_, pet0_.owner_id as owner_id4_1_, pet0_.type_id as type_id5_1_ from pets pet0_ where pet0_.id=?
Hibernate: select owner0_.id as id1_0_0_, owner0_.first_name as first_na2_0_0_, owner0_.last_name as last_nam3_0_0_, owner0_.address as address4_0_0_, owner0_.city as city5_0_0_, owner0_.telephone as telephon6_0_0_ from owners owner0_ where owner0_.id=?
Hibernate: select pettype0_.id as id1_3_0_, pettype0_.name as name2_3_0_ from types pettype0_ where pettype0_.id=?
Hibernate: select visits0_.pet_id as pet_id4_6_0_, visits0_.id as id1_6_0_, visits0_.id as id1_6_1_, visits0_.visit_date as visit_da2_6_1_, visits0_.description as descript3_6_1_, visits0_.pet_id as pet_id4_6_1_ from visits visits0_ where visits0_.pet_id=?
2017-01-31 15:48:10.221  INFO 9262 --- [           main] o.s.t.c.transaction.TransactionContext   : Rolled back transaction for test context [DefaultTestContext@6a0ee80 testClass = ClinicServiceTests, testInstance = org.springframework.samples.petclinic.service.ClinicServiceTests@1859b996, testMethod = shouldFindPetWithCorrectId@ClinicServiceTests, testException = [null], mergedContextConfiguration = [MergedContextConfiguration@182fd26b testClass = ClinicServiceTests, locations = '{}', classes = '{class org.springframework.samples.petclinic.PetClinicApplication}', contextInitializerClasses = '[]', activeProfiles = '{}', propertySourceLocations = '{}', propertySourceProperties = '{org.springframework.boot.test.context.SpringBootTestContextBootstrapper=true}', contextCustomizers = set[org.springframework.boot.test.context.ImportsContextCustomizer@d5b94c1b, org.springframework.boot.test.context.filter.ExcludeFilterContextCustomizer@6eceb130, org.springframework.boot.test.mock.mockito.MockitoContextCustomizer@0, org.springframework.boot.test.autoconfigure.OverrideAutoConfigurationContextCustomizerFactory$DisableAutoConfigurationContextCustomizer@4ae82894, org.springframework.boot.test.autoconfigure.filter.TypeExcludeFiltersContextCustomizer@7c7a06ec, org.springframework.boot.test.autoconfigure.properties.PropertyMappingContextCustomizer@42f62f6c, org.springframework.boot.test.autoconfigure.web.servlet.WebDriverContextCustomizerFactory$Customizer@57f23557], contextLoader = 'org.springframework.boot.test.context.SpringBootContextLoader', parent = [null]]].
Tests run: 11, Failures: 0, Errors: 0, Skipped: 0, Time elapsed: 1.88 sec - in org.springframework.samples.petclinic.service.ClinicServiceTests
Running org.springframework.samples.petclinic.vet.VetControllerTests
2017-01-31 15:48:10.222  INFO 9262 --- [           main] .b.t.a.w.s.WebMvcTestContextBootstrapper : Neither @ContextConfiguration nor @ContextHierarchy found for test class [org.springframework.samples.petclinic.vet.VetControllerTests], using SpringBootContextLoader
2017-01-31 15:48:10.223  INFO 9262 --- [           main] o.s.t.c.support.AbstractContextLoader    : Could not detect default resource locations for test class [org.springframework.samples.petclinic.vet.VetControllerTests]: no resource found for suffixes {-context.xml, Context.groovy}.
2017-01-31 15:48:10.223  INFO 9262 --- [           main] t.c.s.AnnotationConfigContextLoaderUtils : Could not detect default configuration classes for test class [org.springframework.samples.petclinic.vet.VetControllerTests]: VetControllerTests does not declare any static, non-private, non-final, nested classes annotated with @Configuration.
2017-01-31 15:48:10.225  INFO 9262 --- [           main] .b.t.c.SpringBootTestContextBootstrapper : Found @SpringBootConfiguration org.springframework.samples.petclinic.PetClinicApplication for test class org.springframework.samples.petclinic.vet.VetControllerTests
2017-01-31 15:48:10.226  INFO 9262 --- [           main] .b.t.a.w.s.WebMvcTestContextBootstrapper : Loaded default TestExecutionListener class names from location [META-INF/spring.factories]: [org.springframework.boot.test.mock.mockito.MockitoTestExecutionListener, org.springframework.boot.test.mock.mockito.ResetMocksTestExecutionListener, org.springframework.boot.test.autoconfigure.restdocs.RestDocsTestExecutionListener, org.springframework.boot.test.autoconfigure.web.client.MockRestServiceServerResetTestExecutionListener, org.springframework.boot.test.autoconfigure.web.servlet.MockMvcPrintOnlyOnFailureTestExecutionListener, org.springframework.boot.test.autoconfigure.web.servlet.WebDriverTestExecutionListener, org.springframework.test.context.web.ServletTestExecutionListener, org.springframework.test.context.support.DirtiesContextBeforeModesTestExecutionListener, org.springframework.test.context.support.DependencyInjectionTestExecutionListener, org.springframework.test.context.support.DirtiesContextTestExecutionListener, org.springframework.test.context.transaction.TransactionalTestExecutionListener, org.springframework.test.context.jdbc.SqlScriptsTestExecutionListener]
2017-01-31 15:48:10.228  INFO 9262 --- [           main] .b.t.a.w.s.WebMvcTestContextBootstrapper : Using TestExecutionListeners: [org.springframework.test.context.web.ServletTestExecutionListener@85f5f55, org.springframework.test.context.support.DirtiesContextBeforeModesTestExecutionListener@131c5bd, org.springframework.boot.test.autoconfigure.SpringBootDependencyInjectionTestExecutionListener@394331a8, org.springframework.test.context.support.DirtiesContextTestExecutionListener@2627335c, org.springframework.test.context.transaction.TransactionalTestExecutionListener@5470753a, org.springframework.test.context.jdbc.SqlScriptsTestExecutionListener@5b634e24, org.springframework.boot.test.autoconfigure.web.servlet.MockMvcPrintOnlyOnFailureTestExecutionListener@7b0dfa91, org.springframework.boot.test.mock.mockito.ResetMocksTestExecutionListener@642f8b7f, org.springframework.boot.test.mock.mockito.MockitoTestExecutionListener@3321fb65, org.springframework.boot.test.autoconfigure.restdocs.RestDocsTestExecutionListener@7272914b, org.springframework.boot.test.autoconfigure.web.servlet.WebDriverTestExecutionListener@663f24e6, org.springframework.boot.test.autoconfigure.web.client.MockRestServiceServerResetTestExecutionListener@7e532f2d]


              |\      _,,,--,,_
             /,`.-'`'   ._  \-;;,_
  _______ __|,4-  ) )_   .;.(__`'-'__     ___ __    _ ___ _______
 |       | '---''(_/._)-'(_\_)   |   |   |   |  |  | |   |       |
 |    _  |    ___|_     _|       |   |   |   |   |_| |   |       | __ _ _
 |   |_| |   |___  |   | |       |   |   |   |       |   |       | \ \ \ \
 |    ___|    ___| |   | |      _|   |___|   |  _    |   |      _|  \ \ \ \
 |   |   |   |___  |   | |     |_|       |   | | |   |   |     |_    ) ) ) )
 |___|   |_______| |___| |_______|_______|___|_|  |__|___|_______|  / / / /
 ==================================================================/_/_/_/

:: Built with Spring Boot :: 1.4.2.RELEASE


2017-01-31 15:48:10.269  INFO 9262 --- [           main] o.s.s.petclinic.vet.VetControllerTests   : Starting VetControllerTests on tower with PID 9262 (started by dsyer in /home/dsyer/dev/demo/workspace/startup/petclinic)
2017-01-31 15:48:10.269  INFO 9262 --- [           main] o.s.s.petclinic.vet.VetControllerTests   : The following profiles are active: production
2017-01-31 15:48:10.270  INFO 9262 --- [           main] o.s.w.c.s.GenericWebApplicationContext   : Refreshing org.springframework.web.context.support.GenericWebApplicationContext@516155b5: startup date [Tue Jan 31 15:48:10 GMT 2017]; root of context hierarchy
2017-01-31 15:48:10.471  INFO 9262 --- [           main] s.w.s.m.m.a.RequestMappingHandlerAdapter : Looking for @ControllerAdvice: org.springframework.web.context.support.GenericWebApplicationContext@516155b5: startup date [Tue Jan 31 15:48:10 GMT 2017]; root of context hierarchy
2017-01-31 15:48:10.478  INFO 9262 --- [           main] s.w.s.m.m.a.RequestMappingHandlerMapping : Mapped "{[/vets.html]}" onto public java.lang.String org.springframework.samples.petclinic.vet.VetController.showVetList(java.util.Map<java.lang.String, java.lang.Object>)
2017-01-31 15:48:10.478  INFO 9262 --- [           main] s.w.s.m.m.a.RequestMappingHandlerMapping : Mapped "{[/vets.json || /vets.xml]}" onto public org.springframework.samples.petclinic.vet.Vets org.springframework.samples.petclinic.vet.VetController.showResourcesVetList()
2017-01-31 15:48:10.545  INFO 9262 --- [           main] o.s.w.s.handler.SimpleUrlHandlerMapping  : Mapped URL path [/webjars/**] onto handler of type [class org.springframework.web.servlet.resource.ResourceHttpRequestHandler]
2017-01-31 15:48:10.545  INFO 9262 --- [           main] o.s.w.s.handler.SimpleUrlHandlerMapping  : Mapped URL path [/**] onto handler of type [class org.springframework.web.servlet.resource.ResourceHttpRequestHandler]
2017-01-31 15:48:10.562  INFO 9262 --- [           main] o.s.w.s.handler.SimpleUrlHandlerMapping  : Mapped URL path [/**/favicon.ico] onto handler of type [class org.springframework.web.servlet.resource.ResourceHttpRequestHandler]
2017-01-31 15:48:10.654  INFO 9262 --- [           main] o.s.b.t.m.w.SpringBootMockServletContext : Initializing Spring FrameworkServlet ''
2017-01-31 15:48:10.654  INFO 9262 --- [           main] o.s.t.web.servlet.TestDispatcherServlet  : FrameworkServlet '': initialization started
2017-01-31 15:48:10.660  INFO 9262 --- [           main] o.s.t.web.servlet.TestDispatcherServlet  : FrameworkServlet '': initialization completed in 6 ms
2017-01-31 15:48:10.706  INFO 9262 --- [           main] o.s.s.petclinic.vet.VetControllerTests   : Started VetControllerTests in 0.476 seconds (JVM running for 6.022)
Tests run: 3, Failures: 0, Errors: 0, Skipped: 0, Time elapsed: 0.671 sec - in org.springframework.samples.petclinic.vet.VetControllerTests
Running org.springframework.samples.petclinic.model.ValidatorTests
Tests run: 1, Failures: 0, Errors: 0, Skipped: 0, Time elapsed: 0.006 sec - in org.springframework.samples.petclinic.model.ValidatorTests
2017-01-31 15:48:10.903  INFO 9262 --- [       Thread-3] o.s.w.c.s.GenericWebApplicationContext   : Closing org.springframework.web.context.support.GenericWebApplicationContext@2c30c81d: startup date [Tue Jan 31 15:48:07 GMT 2017]; root of context hierarchy
2017-01-31 15:48:10.903  INFO 9262 --- [       Thread-1] o.s.w.c.s.GenericWebApplicationContext   : Closing org.springframework.web.context.support.GenericWebApplicationContext@9ebe38b: startup date [Tue Jan 31 15:48:05 GMT 2017]; root of context hierarchy
2017-01-31 15:48:10.903  INFO 9262 --- [       Thread-5] o.s.w.c.s.GenericWebApplicationContext   : Closing org.springframework.web.context.support.GenericWebApplicationContext@516155b5: startup date [Tue Jan 31 15:48:10 GMT 2017]; root of context hierarchy
2017-01-31 15:48:10.904  INFO 9262 --- [       Thread-4] s.c.a.AnnotationConfigApplicationContext : Closing org.springframework.context.annotation.AnnotationConfigApplicationContext@5d66ae3a: startup date [Tue Jan 31 15:48:08 GMT 2017]; root of context hierarchy
2017-01-31 15:48:10.904  INFO 9262 --- [       Thread-2] o.s.w.c.s.GenericWebApplicationContext   : Closing org.springframework.web.context.support.GenericWebApplicationContext@303c55fa: startup date [Tue Jan 31 15:48:07 GMT 2017]; root of context hierarchy
2017-01-31 15:48:10.912  INFO 9262 --- [       Thread-4] j.LocalContainerEntityManagerFactoryBean : Closing JPA EntityManagerFactory for persistence unit 'default'

Results :

Tests run: 39, Failures: 0, Errors: 0, Skipped: 1

[INFO] 
[INFO] --- maven-jar-plugin:2.6:jar (default-jar) @ petclinic ---
[INFO] Building jar: /home/dsyer/dev/demo/workspace/startup/petclinic/target/petclinic-1.4.2.jar
[INFO] 
[INFO] --- spring-boot-maven-plugin:1.5.1.RELEASE:repackage (default) @ petclinic ---
[INFO] Attaching archive: /home/dsyer/dev/demo/workspace/startup/petclinic/target/petclinic-1.4.2-thin.jar, with classifier: thin
[INFO] 
[INFO] --- maven-install-plugin:2.5.2:install (default-install) @ petclinic ---
[INFO] Installing /home/dsyer/dev/demo/workspace/startup/petclinic/target/petclinic-1.4.2.jar to /home/dsyer/.m2/repository/com/example/petclinic/1.4.2/petclinic-1.4.2.jar
[INFO] Installing /home/dsyer/dev/demo/workspace/startup/petclinic/interpolated-pom.xml to /home/dsyer/.m2/repository/com/example/petclinic/1.4.2/petclinic-1.4.2.pom
[INFO] Installing /home/dsyer/dev/demo/workspace/startup/petclinic/target/petclinic-1.4.2-thin.jar to /home/dsyer/.m2/repository/com/example/petclinic/1.4.2/petclinic-1.4.2-thin.jar
[INFO] ------------------------------------------------------------------------
[INFO] BUILD SUCCESS
[INFO] ------------------------------------------------------------------------
[INFO] Total time: 10.118 s
[INFO] Finished at: 2017-01-31T15:48:11+00:00
[INFO] Final Memory: 83M/654M
[INFO] ------------------------------------------------------------------------
[WARNING] The requested profile "ide" could not be activated because it does not exist.
